Using pre-set license
Built from '2021.3/staging' branch; Version is '2021.3.16f1 (4016570cf34f) revision 4200023'; Using compiler version '192829333'; Build Type 'Release'
OS: 'Windows 11  (10.0.22621) 64bit Core' Language: 'en' Physical Memory: 65349 MB
BatchMode: 1, IsHumanControllingUs: 0, StartBugReporterOnCrash: 0, Is64bit: 1, IsPro: 1

COMMAND LINE ARGUMENTS:
C:\Program Files\Unity\Hub\Editor\2021.3.16f1\Editor\Unity.exe
-adb2
-batchMode
-noUpm
-name
AssetImportWorker0
-projectPath
D:/00_SMG_Repo/unityShadersPractice
-logFile
Logs/AssetImportWorker0.log
-srvPort
55696
Successfully changed project path to: D:/00_SMG_Repo/unityShadersPractice
D:/00_SMG_Repo/unityShadersPractice
[UnityMemory] Configuration Parameters - Can be set up in boot.config
    "memorysetup-bucket-allocator-granularity=16"
    "memorysetup-bucket-allocator-bucket-count=8"
    "memorysetup-bucket-allocator-block-size=33554432"
    "memorysetup-bucket-allocator-block-count=8"
    "memorysetup-main-allocator-block-size=16777216"
    "memorysetup-thread-allocator-block-size=16777216"
    "memorysetup-gfx-main-allocator-block-size=16777216"
    "memorysetup-gfx-thread-allocator-block-size=16777216"
    "memorysetup-cache-allocator-block-size=4194304"
    "memorysetup-typetree-allocator-block-size=2097152"
    "memorysetup-profiler-bucket-allocator-granularity=16"
    "memorysetup-profiler-bucket-allocator-bucket-count=8"
    "memorysetup-profiler-bucket-allocator-block-size=33554432"
    "memorysetup-profiler-bucket-allocator-block-count=8"
    "memorysetup-profiler-allocator-block-size=16777216"
    "memorysetup-profiler-editor-allocator-block-size=1048576"
    "memorysetup-temp-allocator-size-main=16777216"
    "memorysetup-job-temp-allocator-block-size=2097152"
    "memorysetup-job-temp-allocator-block-size-background=1048576"
    "memorysetup-job-temp-allocator-reduction-small-platforms=262144"
    "memorysetup-temp-allocator-size-background-worker=32768"
    "memorysetup-temp-allocator-size-job-worker=262144"
    "memorysetup-temp-allocator-size-preload-manager=33554432"
    "memorysetup-temp-allocator-size-nav-mesh-worker=65536"
    "memorysetup-temp-allocator-size-audio-worker=65536"
    "memorysetup-temp-allocator-size-cloud-worker=32768"
    "memorysetup-temp-allocator-size-gi-baking-worker=262144"
    "memorysetup-temp-allocator-size-gfx=262144"
Player connection [5584] Host "[IP] 192.168.0.100 [Port] 0 [Flags] 2 [Guid] 2556082501 [EditorId] 2556082501 [Version] 1048832 [Id] WindowsEditor(7,DESKTOP-HET0B5J) [Debug] 1 [PackageName] WindowsEditor [ProjectName] Editor" joined multi-casting on [225.0.0.222:54997]...

Player connection [5584] Host "[IP] 192.168.0.100 [Port] 0 [Flags] 2 [Guid] 2556082501 [EditorId] 2556082501 [Version] 1048832 [Id] WindowsEditor(7,DESKTOP-HET0B5J) [Debug] 1 [PackageName] WindowsEditor [ProjectName] Editor" joined alternative multi-casting on [225.0.0.222:34997]...

Refreshing native plugins compatible for Editor in 51.58 ms, found 3 plugins.
Preloading 0 native plugins for Editor in 0.00 ms.
Initialize engine version: 2021.3.16f1 (4016570cf34f)
[Subsystems] Discovering subsystems at path C:/Program Files/Unity/Hub/Editor/2021.3.16f1/Editor/Data/Resources/UnitySubsystems
[Subsystems] Discovering subsystems at path D:/00_SMG_Repo/unityShadersPractice/Assets
GfxDevice: creating device client; threaded=0; jobified=0
Direct3D:
    Version:  Direct3D 11.0 [level 11.1]
    Renderer: NVIDIA GeForce RTX 3080 Ti (ID=0x2208)
    Vendor:   NVIDIA
    VRAM:     12100 MB
    Driver:   31.0.15.3598
Initialize mono
Mono path[0] = 'C:/Program Files/Unity/Hub/Editor/2021.3.16f1/Editor/Data/Managed'
Mono path[1] = 'C:/Program Files/Unity/Hub/Editor/2021.3.16f1/Editor/Data/MonoBleedingEdge/lib/mono/unityjit-win32'
Mono config path = 'C:/Program Files/Unity/Hub/Editor/2021.3.16f1/Editor/Data/MonoBleedingEdge/etc'
Using monoOptions --debugger-agent=transport=dt_socket,embedding=1,server=y,suspend=n,address=127.0.0.1:56960
Begin MonoManager ReloadAssembly
Registering precompiled unity dll's ...
Register platform support module: C:/Program Files/Unity/Hub/Editor/2021.3.16f1/Editor/Data/PlaybackEngines/MacStandaloneSupport/UnityEditor.OSXStandalone.Extensions.dll
Register platform support module: C:/Program Files/Unity/Hub/Editor/2021.3.16f1/Editor/Data/PlaybackEngines/iOSSupport/UnityEditor.iOS.Extensions.dll
Register platform support module: C:/Program Files/Unity/Hub/Editor/2021.3.16f1/Editor/Data/PlaybackEngines/WindowsStandaloneSupport/UnityEditor.WindowsStandalone.Extensions.dll
Register platform support module: C:/Program Files/Unity/Hub/Editor/2021.3.16f1/Editor/Data/PlaybackEngines/MetroSupport/UnityEditor.UWP.Extensions.dll
Registered in 0.003684 seconds.
Native extension for UWP target not found
Native extension for WindowsStandalone target not found
[usbmuxd] Start listen thread
[usbmuxd] Listen thread started
Native extension for iOS target not found
Native extension for OSXStandalone target not found
Refreshing native plugins compatible for Editor in 51.78 ms, found 3 plugins.
Preloading 0 native plugins for Editor in 0.00 ms.
Mono: successfully reloaded assembly
- Completed reload, in  0.386 seconds
Domain Reload Profiling:
	ReloadAssembly (387ms)
		BeginReloadAssembly (41ms)
			ExecutionOrderSort (0ms)
			DisableScriptedObjects (0ms)
			BackupInstance (0ms)
			ReleaseScriptingObjects (0ms)
			CreateAndSetChildDomain (0ms)
		EndReloadAssembly (283ms)
			LoadAssemblies (40ms)
			RebuildTransferFunctionScriptingTraits (0ms)
			SetupTypeCache (60ms)
			ReleaseScriptCaches (0ms)
			RebuildScriptCaches (15ms)
			SetupLoadedEditorAssemblies (177ms)
				LogAssemblyErrors (0ms)
				InitializePlatformSupportModulesInManaged (19ms)
				SetLoadedEditorAssemblies (0ms)
				RefreshPlugins (52ms)
				BeforeProcessingInitializeOnLoad (1ms)
				ProcessInitializeOnLoadAttributes (78ms)
				ProcessInitializeOnLoadMethodAttributes (27ms)
				AfterProcessingInitializeOnLoad (0ms)
				EditorAssembliesLoaded (0ms)
			ExecutionOrderSort2 (0ms)
			AwakeInstancesAfterBackupRestoration (0ms)
Platform modules already initialized, skipping
Registering precompiled user dll's ...
Registered in 0.002786 seconds.
Begin MonoManager ReloadAssembly
Symbol file LoadedFromMemory doesn't match image D:\00_SMG_Repo\unityShadersPractice\Library\PackageCache\com.unity.visualscripting@1.7.8\Editor\VisualScripting.Core\Dependencies\YamlDotNet\Unity.VisualScripting.YamlDotNet.dll
Symbol file LoadedFromMemory doesn't match image D:\00_SMG_Repo\unityShadersPractice\Library\PackageCache\com.unity.visualscripting@1.7.8\Editor\VisualScripting.Core\Dependencies\DotNetZip\Unity.VisualScripting.IonicZip.dll
Native extension for UWP target not found
Native extension for WindowsStandalone target not found
Native extension for iOS target not found
Native extension for OSXStandalone target not found
Refreshing native plugins compatible for Editor in 58.71 ms, found 3 plugins.
Preloading 0 native plugins for Editor in 0.00 ms.
Mono: successfully reloaded assembly
- Completed reload, in  0.735 seconds
Domain Reload Profiling:
	ReloadAssembly (736ms)
		BeginReloadAssembly (65ms)
			ExecutionOrderSort (0ms)
			DisableScriptedObjects (3ms)
			BackupInstance (0ms)
			ReleaseScriptingObjects (0ms)
			CreateAndSetChildDomain (13ms)
		EndReloadAssembly (603ms)
			LoadAssemblies (50ms)
			RebuildTransferFunctionScriptingTraits (0ms)
			SetupTypeCache (169ms)
			ReleaseScriptCaches (0ms)
			RebuildScriptCaches (34ms)
			SetupLoadedEditorAssemblies (320ms)
				LogAssemblyErrors (0ms)
				InitializePlatformSupportModulesInManaged (15ms)
				SetLoadedEditorAssemblies (0ms)
				RefreshPlugins (59ms)
				BeforeProcessingInitializeOnLoad (58ms)
				ProcessInitializeOnLoadAttributes (143ms)
				ProcessInitializeOnLoadMethodAttributes (41ms)
				AfterProcessingInitializeOnLoad (4ms)
				EditorAssembliesLoaded (0ms)
			ExecutionOrderSort2 (0ms)
			AwakeInstancesAfterBackupRestoration (4ms)
Platform modules already initialized, skipping
========================================================================
Worker process is ready to serve import requests
Launched and connected shader compiler UnityShaderCompiler.exe after 0.03 seconds
Refreshing native plugins compatible for Editor in 0.58 ms, found 3 plugins.
Preloading 0 native plugins for Editor in 0.00 ms.
Unloading 4337 Unused Serialized files (Serialized files now loaded: 0)
Unloading 29 unused Assets / (398.6 KB). Loaded Objects now: 4797.
Memory consumption went from 153.9 MB to 153.5 MB.
Total: 2.898100 ms (FindLiveObjects: 0.421900 ms CreateObjectMapping: 0.116400 ms MarkObjects: 2.249400 ms  DeleteObjects: 0.109500 ms)

AssetImportParameters requested are different than current active one (requested -> active):
  custom:video-decoder-ogg-theora: a1e56fd34408186e4bbccfd4996cb3dc -> 
  custom:container-muxer-webm: aa71ff27fc2769a1b78a27578f13a17b -> 
  custom:container-demuxer-webm: 4f35f7cbe854078d1ac9338744f61a02 -> 
  custom:video-encoder-webm-vp8: eb34c28f22e8b96e1ab97ce403110664 -> 
  custom:audio-encoder-webm-vorbis: bf7c407c2cedff20999df2af8eb42d56 -> 
  custom:framework-win-MediaFoundation: 216162199b28c13a410421893ffa2e32 -> 
  custom:container-demuxer-ogg: 62fdf1f143b41e24485cea50d1cbac27 -> 
  custom:video-decoder-webm-vp8: 9c59270c3fd7afecdb556c50c9e8de78 -> 
  custom:audio-decoder-ogg-vorbis: bf7c407c2cedff20999df2af8eb42d56 -> 
========================================================================
Received Import Request.
  Time since last request: 45290.855973 seconds.
  path: Assets/shadergraphs/tangent.shadergraph
  artifactKey: Guid(588335601e3d5bf41a7db4814a065aee) Importer(815301076,1909f56bfc062723c751e8b465ee728b)
Start importing Assets/shadergraphs/tangent.shadergraph using Guid(588335601e3d5bf41a7db4814a065aee) Importer(815301076,1909f56bfc062723c751e8b465ee728b)  -> (artifact id: '2531fbd41ce12077017f27e95d6093e7') in 0.046507 seconds 
========================================================================
Received Import Request.
  Time since last request: 10.238682 seconds.
  path: Assets/shadergraphs/tests
  artifactKey: Guid(fe06c9f612b74b84f8ec2fab21255ec6) Importer(815301076,1909f56bfc062723c751e8b465ee728b)
Start importing Assets/shadergraphs/tests using Guid(fe06c9f612b74b84f8ec2fab21255ec6) Importer(815301076,1909f56bfc062723c751e8b465ee728b)  -> (artifact id: 'ddd47cca66bf31a23610249e6dba32eb') in 0.001631 seconds 
========================================================================
Received Import Request.
  Time since last request: 13.991041 seconds.
  path: Assets/shadergraphs/tests/parallax.shadergraph
  artifactKey: Guid(953dcde0038463b40adea2e224db1658) Importer(815301076,1909f56bfc062723c751e8b465ee728b)
Start importing Assets/shadergraphs/tests/parallax.shadergraph using Guid(953dcde0038463b40adea2e224db1658) Importer(815301076,1909f56bfc062723c751e8b465ee728b)  -> (artifact id: 'bc4616a03e4e1e9c39dfe89d65df358f') in 0.002482 seconds 
========================================================================
Received Import Request.
  Time since last request: 214.804991 seconds.
  path: Assets/shadergraphs/tests/parallax.shadergraph
  artifactKey: Guid(953dcde0038463b40adea2e224db1658) Importer(815301076,1909f56bfc062723c751e8b465ee728b)
Start importing Assets/shadergraphs/tests/parallax.shadergraph using Guid(953dcde0038463b40adea2e224db1658) Importer(815301076,1909f56bfc062723c751e8b465ee728b)  -> (artifact id: 'b802617487774120e7b1dc58c0e87349') in 0.002089 seconds 
========================================================================
Received Import Request.
  Time since last request: 60.516621 seconds.
  path: Assets/shadergraphs/tests/parallax.shadergraph
  artifactKey: Guid(953dcde0038463b40adea2e224db1658) Importer(815301076,1909f56bfc062723c751e8b465ee728b)
Start importing Assets/shadergraphs/tests/parallax.shadergraph using Guid(953dcde0038463b40adea2e224db1658) Importer(815301076,1909f56bfc062723c751e8b465ee728b)  -> (artifact id: 'd9bc1c4479cb9f057aaf5ac67dde5d36') in 0.003041 seconds 
========================================================================
Received Import Request.
  Time since last request: 888.602721 seconds.
  path: Assets/shadergraphs/scripts_shaders
  artifactKey: Guid(0c63dd2661b06f14a8d042df1153585b) Importer(815301076,1909f56bfc062723c751e8b465ee728b)
Start importing Assets/shadergraphs/scripts_shaders using Guid(0c63dd2661b06f14a8d042df1153585b) Importer(815301076,1909f56bfc062723c751e8b465ee728b)  -> (artifact id: '68ca8a6b5bfa043aa3f5b575bc6d6439') in 0.001342 seconds 
========================================================================
Received Import Request.
  Time since last request: 15.163723 seconds.
  path: Assets/shadergraphs/scripts_shaders/paralaxNode.cs
  artifactKey: Guid(5daac915d38ab5f4ba4c33d525f13e0c) Importer(815301076,1909f56bfc062723c751e8b465ee728b)
Start importing Assets/shadergraphs/scripts_shaders/paralaxNode.cs using Guid(5daac915d38ab5f4ba4c33d525f13e0c) Importer(815301076,1909f56bfc062723c751e8b465ee728b)  -> (artifact id: '78475e0f57896e70ec20e7ab83596b02') in 0.003423 seconds 
========================================================================
Received Import Request.
  Time since last request: 152.038662 seconds.
  path: Assets/shadergraphs/coordinate_exercise.shadergraph
  artifactKey: Guid(5c2da7b0ca45305408e6848a0e58fbcc) Importer(815301076,1909f56bfc062723c751e8b465ee728b)
Start importing Assets/shadergraphs/coordinate_exercise.shadergraph using Guid(5c2da7b0ca45305408e6848a0e58fbcc) Importer(815301076,1909f56bfc062723c751e8b465ee728b)  -> (artifact id: 'b97b43041072c49cd437552edf8de069') in 0.001806 seconds 
========================================================================
Received Import Request.
  Time since last request: 529.235963 seconds.
  path: Assets/shadergraphs/Normal.mat
  artifactKey: Guid(aa14361b78d46734c892044e0f529526) Importer(815301076,1909f56bfc062723c751e8b465ee728b)
Start importing Assets/shadergraphs/Normal.mat using Guid(aa14361b78d46734c892044e0f529526) Importer(815301076,1909f56bfc062723c751e8b465ee728b)  -> (artifact id: 'd7917f7437ba25dd30d5a3dd8a9de5cf') in 0.057598 seconds 
========================================================================
Received Import Request.
  Time since last request: 4.914843 seconds.
  path: Assets/shadergraphs/Parallax.mat
  artifactKey: Guid(cda0d6461c48ae6408445ba96a6b6ad1) Importer(815301076,1909f56bfc062723c751e8b465ee728b)
Start importing Assets/shadergraphs/Parallax.mat using Guid(cda0d6461c48ae6408445ba96a6b6ad1) Importer(815301076,1909f56bfc062723c751e8b465ee728b)  -> (artifact id: '2513a473f39473d0450775614fcf4e1d') in 0.009349 seconds 
========================================================================
Received Import Request.
  Time since last request: 22.139062 seconds.
  path: Assets/Textures/rockwall/rock_wall_AO.jpg
  artifactKey: Guid(9f26a50d8373b7c409f1542133a6bc2f) Importer(815301076,1909f56bfc062723c751e8b465ee728b)
Start importing Assets/Textures/rockwall/rock_wall_AO.jpg using Guid(9f26a50d8373b7c409f1542133a6bc2f) Importer(815301076,1909f56bfc062723c751e8b465ee728b)  -> (artifact id: '5b2b32603cf1281b09836fb2a4c6b0f5') in 0.017718 seconds 
========================================================================
Received Import Request.
  Time since last request: 303.273546 seconds.
  path: Assets/Textures/rockwall/rock_wall_Roughness.jpg
  artifactKey: Guid(b440ac0a542d4094d90c60b91146d32c) Importer(815301076,1909f56bfc062723c751e8b465ee728b)
Start importing Assets/Textures/rockwall/rock_wall_Roughness.jpg using Guid(b440ac0a542d4094d90c60b91146d32c) Importer(815301076,1909f56bfc062723c751e8b465ee728b)  -> (artifact id: '75d6e7c8304809ad2d0a6c6656710213') in 0.008016 seconds 
========================================================================
Received Import Request.
  Time since last request: 244.855647 seconds.
  path: Assets/shadergraphs/pingpong.mat
  artifactKey: Guid(3a5488375e2e62e45a664cc94346b860) Importer(815301076,1909f56bfc062723c751e8b465ee728b)
Start importing Assets/shadergraphs/pingpong.mat using Guid(3a5488375e2e62e45a664cc94346b860) Importer(815301076,1909f56bfc062723c751e8b465ee728b)  -> (artifact id: 'c63863b16a90e833dbd4367c9396e646') in 0.016146 seconds 
========================================================================
Received Import Request.
  Time since last request: 0.000015 seconds.
  path: Assets/shadergraphs/test_material.mat
  artifactKey: Guid(eafb820ca0decbd4ba55eb302096e981) Importer(815301076,1909f56bfc062723c751e8b465ee728b)
Start importing Assets/shadergraphs/test_material.mat using Guid(eafb820ca0decbd4ba55eb302096e981) Importer(815301076,1909f56bfc062723c751e8b465ee728b)  -> (artifact id: 'd428da2afc593143bd44c8b0458709f0') in 0.009864 seconds 
========================================================================
Received Import Request.
  Time since last request: 1.342122 seconds.
  path: Assets/Textures/rockwall/rock_wall_Normal.jpg
  artifactKey: Guid(61ddec52e6562b747b35873906b872fe) Importer(815301076,1909f56bfc062723c751e8b465ee728b)
Start importing Assets/Textures/rockwall/rock_wall_Normal.jpg using Guid(61ddec52e6562b747b35873906b872fe) Importer(815301076,1909f56bfc062723c751e8b465ee728b)  -> (artifact id: 'bd4615a5c5ede8dd18ba50b127c92404') in 0.008988 seconds 
========================================================================
Received Import Request.
  Time since last request: 81.067343 seconds.
  path: Assets/Textures/rockwall/rock_wall_2K_Displacement.jpg
  artifactKey: Guid(ca358a1c86ce85f45a8895228e4a0e17) Importer(815301076,1909f56bfc062723c751e8b465ee728b)
Start importing Assets/Textures/rockwall/rock_wall_2K_Displacement.jpg using Guid(ca358a1c86ce85f45a8895228e4a0e17) Importer(815301076,1909f56bfc062723c751e8b465ee728b)  -> (artifact id: '83869b12995c09af02d125d2c8f774b5') in 0.007597 seconds 
========================================================================
Received Import Request.
  Time since last request: 4.925702 seconds.
  path: Assets/Textures/rockwall/rock_wall_Normal.jpg
  artifactKey: Guid(61ddec52e6562b747b35873906b872fe) Importer(815301076,1909f56bfc062723c751e8b465ee728b)
Start importing Assets/Textures/rockwall/rock_wall_Normal.jpg using Guid(61ddec52e6562b747b35873906b872fe) Importer(815301076,1909f56bfc062723c751e8b465ee728b)  -> (artifact id: '2ff2a290a3c3bcaf17b0ac4e70ac0185') in 0.006542 seconds 
========================================================================
Received Import Request.
  Time since last request: 21.875876 seconds.
  path: Assets/Textures/rockwall/rock_wall_Normal.jpg
  artifactKey: Guid(61ddec52e6562b747b35873906b872fe) Importer(815301076,1909f56bfc062723c751e8b465ee728b)
Start importing Assets/Textures/rockwall/rock_wall_Normal.jpg using Guid(61ddec52e6562b747b35873906b872fe) Importer(815301076,1909f56bfc062723c751e8b465ee728b)  -> (artifact id: '3ef6de5db59728f7d3cb6d4f21538b06') in 0.010637 seconds 
========================================================================
Received Import Request.
  Time since last request: 4.487385 seconds.
  path: Assets/Textures/rockwall/rock_wall_Normal.jpg
  artifactKey: Guid(61ddec52e6562b747b35873906b872fe) Importer(815301076,1909f56bfc062723c751e8b465ee728b)
Start importing Assets/Textures/rockwall/rock_wall_Normal.jpg using Guid(61ddec52e6562b747b35873906b872fe) Importer(815301076,1909f56bfc062723c751e8b465ee728b)  -> (artifact id: 'f92bc49eddd8dfbabc5f34dd213eaef0') in 0.005635 seconds 
========================================================================
Received Import Request.
  Time since last request: 296.900538 seconds.
  path: Assets/shadergraphs/pingpong.mat
  artifactKey: Guid(3a5488375e2e62e45a664cc94346b860) Importer(815301076,1909f56bfc062723c751e8b465ee728b)
Start importing Assets/shadergraphs/pingpong.mat using Guid(3a5488375e2e62e45a664cc94346b860) Importer(815301076,1909f56bfc062723c751e8b465ee728b)  -> (artifact id: '0f8e4a89159e7fbc8f4e3c2c06b32d6e') in 0.010820 seconds 
========================================================================
Received Import Request.
  Time since last request: 0.000015 seconds.
  path: Assets/shadergraphs/test_material.mat
  artifactKey: Guid(eafb820ca0decbd4ba55eb302096e981) Importer(815301076,1909f56bfc062723c751e8b465ee728b)
Start importing Assets/shadergraphs/test_material.mat using Guid(eafb820ca0decbd4ba55eb302096e981) Importer(815301076,1909f56bfc062723c751e8b465ee728b)  -> (artifact id: '7ac5b3a6186d5ec41ff50d2592dfaaa7') in 0.007382 seconds 
========================================================================
Received Import Request.
  Time since last request: 189.164936 seconds.
  path: Assets/Textures/ironForge/ironForge_Normal.jpg
  artifactKey: Guid(c16bd79b5e664a8499ed3257e0e17bec) Importer(815301076,1909f56bfc062723c751e8b465ee728b)
Start importing Assets/Textures/ironForge/ironForge_Normal.jpg using Guid(c16bd79b5e664a8499ed3257e0e17bec) Importer(815301076,1909f56bfc062723c751e8b465ee728b)  -> (artifact id: 'e55c3cb5babd984217647ad75636e977') in 0.007855 seconds 
========================================================================
Received Import Request.
  Time since last request: 283.345043 seconds.
  path: Assets/shadergraphs/Normal.mat
  artifactKey: Guid(aa14361b78d46734c892044e0f529526) Importer(815301076,1909f56bfc062723c751e8b465ee728b)
Start importing Assets/shadergraphs/Normal.mat using Guid(aa14361b78d46734c892044e0f529526) Importer(815301076,1909f56bfc062723c751e8b465ee728b)  -> (artifact id: 'beb32fbd72e0717a5a909431b908b74a') in 0.237278 seconds 
========================================================================
Received Import Request.
  Time since last request: 295.862284 seconds.
  path: Assets/shadergraphs/Parallax.mat
  artifactKey: Guid(cda0d6461c48ae6408445ba96a6b6ad1) Importer(815301076,1909f56bfc062723c751e8b465ee728b)
Start importing Assets/shadergraphs/Parallax.mat using Guid(cda0d6461c48ae6408445ba96a6b6ad1) Importer(815301076,1909f56bfc062723c751e8b465ee728b)  -> (artifact id: 'ebf1b50f160eed231a0602adc70c97d8') in 16.111154 seconds 
========================================================================
Received Import Request.
  Time since last request: 200.302073 seconds.
  path: Assets/shadergraphs/Parallax.mat
  artifactKey: Guid(cda0d6461c48ae6408445ba96a6b6ad1) Importer(815301076,1909f56bfc062723c751e8b465ee728b)
Start importing Assets/shadergraphs/Parallax.mat using Guid(cda0d6461c48ae6408445ba96a6b6ad1) Importer(815301076,1909f56bfc062723c751e8b465ee728b)  -> (artifact id: '18aa26cd86e96d99aeea708ff208ebc6') in 0.398031 seconds 
========================================================================
Received Import Request.
  Time since last request: 6.692127 seconds.
  path: Assets/shadergraphs/Parallax.mat
  artifactKey: Guid(cda0d6461c48ae6408445ba96a6b6ad1) Importer(815301076,1909f56bfc062723c751e8b465ee728b)
Start importing Assets/shadergraphs/Parallax.mat using Guid(cda0d6461c48ae6408445ba96a6b6ad1) Importer(815301076,1909f56bfc062723c751e8b465ee728b)  -> (artifact id: '749dfa6f9e470694840911ccfa37384c') in 0.084413 seconds 
========================================================================
Received Import Request.
  Time since last request: 59.143290 seconds.
  path: Assets/shadergraphs/Parallax.mat
  artifactKey: Guid(cda0d6461c48ae6408445ba96a6b6ad1) Importer(815301076,1909f56bfc062723c751e8b465ee728b)
Start importing Assets/shadergraphs/Parallax.mat using Guid(cda0d6461c48ae6408445ba96a6b6ad1) Importer(815301076,1909f56bfc062723c751e8b465ee728b)  -> (artifact id: '3012172aca536fec8e4d6a8205e9b6e8') in 17.574192 seconds 
========================================================================
Received Import Request.
  Time since last request: 1281.021919 seconds.
  path: Assets/shadergraphs/tests/parallax.shadergraph
  artifactKey: Guid(953dcde0038463b40adea2e224db1658) Importer(815301076,1909f56bfc062723c751e8b465ee728b)
Start importing Assets/shadergraphs/tests/parallax.shadergraph using Guid(953dcde0038463b40adea2e224db1658) Importer(815301076,1909f56bfc062723c751e8b465ee728b)  -> (artifact id: '3ba646f58bb462859bd86fcf31715d95') in 0.003268 seconds 
========================================================================
Received Import Request.
  Time since last request: 116.211401 seconds.
  path: Assets/shadergraphs/tests/parallax.shadergraph
  artifactKey: Guid(953dcde0038463b40adea2e224db1658) Importer(815301076,1909f56bfc062723c751e8b465ee728b)
Start importing Assets/shadergraphs/tests/parallax.shadergraph using Guid(953dcde0038463b40adea2e224db1658) Importer(815301076,1909f56bfc062723c751e8b465ee728b)  -> (artifact id: '06c9b829346b67417a370ce9bc78687d') in 0.003108 seconds 
========================================================================
Received Import Request.
  Time since last request: 179.568059 seconds.
  path: Assets/shadergraphs/Parallax.mat
  artifactKey: Guid(cda0d6461c48ae6408445ba96a6b6ad1) Importer(815301076,1909f56bfc062723c751e8b465ee728b)
Start importing Assets/shadergraphs/Parallax.mat using Guid(cda0d6461c48ae6408445ba96a6b6ad1) Importer(815301076,1909f56bfc062723c751e8b465ee728b)  -> (artifact id: '2ae0d97530fc88ac7796696c03a708c9') in 0.022933 seconds 
========================================================================
Received Import Request.
  Time since last request: 1243.181806 seconds.
  path: Assets/shadergraphs/Parallax.mat
  artifactKey: Guid(cda0d6461c48ae6408445ba96a6b6ad1) Importer(815301076,1909f56bfc062723c751e8b465ee728b)
Start importing Assets/shadergraphs/Parallax.mat using Guid(cda0d6461c48ae6408445ba96a6b6ad1) Importer(815301076,1909f56bfc062723c751e8b465ee728b)  -> (artifact id: '600474631ef7e52016abf9179c207ca5') in 14.223955 seconds 
========================================================================
Received Import Request.
  Time since last request: 0.091919 seconds.
  path: Assets/shadergraphs/tests/broken_parallax.shadergraph
  artifactKey: Guid(953dcde0038463b40adea2e224db1658) Importer(815301076,1909f56bfc062723c751e8b465ee728b)
Start importing Assets/shadergraphs/tests/broken_parallax.shadergraph using Guid(953dcde0038463b40adea2e224db1658) Importer(815301076,1909f56bfc062723c751e8b465ee728b)  -> (artifact id: 'f418e392750502a0aaffa84770e2cc6d') in 0.003572 seconds 
========================================================================
Received Import Request.
  Time since last request: 8.803976 seconds.
  path: Assets/shadergraphs/tests/parallax_test.shadergraph
  artifactKey: Guid(eefa624fef0950049b2672fb51796490) Importer(815301076,1909f56bfc062723c751e8b465ee728b)
Start importing Assets/shadergraphs/tests/parallax_test.shadergraph using Guid(eefa624fef0950049b2672fb51796490) Importer(815301076,1909f56bfc062723c751e8b465ee728b)  -> (artifact id: '14ec124330105f315f1486dfeef6864e') in 0.002734 seconds 
========================================================================
Received Import Request.
  Time since last request: 103.406235 seconds.
  path: Assets/shadergraphs/tests/parallax_test.shadergraph
  artifactKey: Guid(eefa624fef0950049b2672fb51796490) Importer(815301076,1909f56bfc062723c751e8b465ee728b)
Start importing Assets/shadergraphs/tests/parallax_test.shadergraph using Guid(eefa624fef0950049b2672fb51796490) Importer(815301076,1909f56bfc062723c751e8b465ee728b)  -> (artifact id: '2dd0100c2cb40bd36815c3100878e640') in 0.002193 seconds 
========================================================================
Received Import Request.
  Time since last request: 206.174596 seconds.
  path: Assets/shadergraphs/tests/parallax_test.shadergraph
  artifactKey: Guid(eefa624fef0950049b2672fb51796490) Importer(815301076,1909f56bfc062723c751e8b465ee728b)
Start importing Assets/shadergraphs/tests/parallax_test.shadergraph using Guid(eefa624fef0950049b2672fb51796490) Importer(815301076,1909f56bfc062723c751e8b465ee728b)  -> (artifact id: '09f7f0aae71046104dcc7c51c8f5dc03') in 0.002463 seconds 
========================================================================
Received Import Request.
  Time since last request: 2.031961 seconds.
  path: Assets/shadergraphs/tests/parallax.shadergraph
  artifactKey: Guid(eefa624fef0950049b2672fb51796490) Importer(815301076,1909f56bfc062723c751e8b465ee728b)
Start importing Assets/shadergraphs/tests/parallax.shadergraph using Guid(eefa624fef0950049b2672fb51796490) Importer(815301076,1909f56bfc062723c751e8b465ee728b)  -> (artifact id: 'ad8b902aa09e968978a85e28cae8d2ac') in 0.002335 seconds 
========================================================================
Received Import Request.
  Time since last request: 25.002397 seconds.
  path: Assets/shadergraphs/tests/parallax.shadergraph
  artifactKey: Guid(eefa624fef0950049b2672fb51796490) Importer(815301076,1909f56bfc062723c751e8b465ee728b)
Start importing Assets/shadergraphs/tests/parallax.shadergraph using Guid(eefa624fef0950049b2672fb51796490) Importer(815301076,1909f56bfc062723c751e8b465ee728b)  -> (artifact id: '22a8e3709acb8f70037451d94e5dfcb3') in 0.002467 seconds 
========================================================================
Received Import Request.
  Time since last request: 13.351818 seconds.
  path: Assets/shadergraphs/tests/parallax.shadergraph
  artifactKey: Guid(eefa624fef0950049b2672fb51796490) Importer(815301076,1909f56bfc062723c751e8b465ee728b)
Start importing Assets/shadergraphs/tests/parallax.shadergraph using Guid(eefa624fef0950049b2672fb51796490) Importer(815301076,1909f56bfc062723c751e8b465ee728b)  -> (artifact id: '8c586365ce7e9e528a6b128dd691de4b') in 0.002378 seconds 
