Using pre-set license
Built from '2021.3/staging' branch; Version is '2021.3.16f1 (4016570cf34f) revision 4200023'; Using compiler version '192829333'; Build Type 'Release'
OS: 'Windows 11  (10.0.22621) 64bit Core' Language: 'en' Physical Memory: 65349 MB
BatchMode: 1, IsHumanControllingUs: 0, StartBugReporterOnCrash: 0, Is64bit: 1, IsPro: 1

COMMAND LINE ARGUMENTS:
C:\Program Files\Unity\Hub\Editor\2021.3.16f1\Editor\Unity.exe
-adb2
-batchMode
-noUpm
-name
AssetImportWorker2
-projectPath
D:/00_SMG_Repo/unityShadersPractice
-logFile
Logs/AssetImportWorker2.log
-srvPort
53759
Successfully changed project path to: D:/00_SMG_Repo/unityShadersPractice
D:/00_SMG_Repo/unityShadersPractice
[UnityMemory] Configuration Parameters - Can be set up in boot.config
    "memorysetup-bucket-allocator-granularity=16"
    "memorysetup-bucket-allocator-bucket-count=8"
    "memorysetup-bucket-allocator-block-size=33554432"
    "memorysetup-bucket-allocator-block-count=8"
    "memorysetup-main-allocator-block-size=16777216"
    "memorysetup-thread-allocator-block-size=16777216"
    "memorysetup-gfx-main-allocator-block-size=16777216"
    "memorysetup-gfx-thread-allocator-block-size=16777216"
    "memorysetup-cache-allocator-block-size=4194304"
    "memorysetup-typetree-allocator-block-size=2097152"
    "memorysetup-profiler-bucket-allocator-granularity=16"
    "memorysetup-profiler-bucket-allocator-bucket-count=8"
    "memorysetup-profiler-bucket-allocator-block-size=33554432"
    "memorysetup-profiler-bucket-allocator-block-count=8"
    "memorysetup-profiler-allocator-block-size=16777216"
    "memorysetup-profiler-editor-allocator-block-size=1048576"
    "memorysetup-temp-allocator-size-main=16777216"
    "memorysetup-job-temp-allocator-block-size=2097152"
    "memorysetup-job-temp-allocator-block-size-background=1048576"
    "memorysetup-job-temp-allocator-reduction-small-platforms=262144"
    "memorysetup-temp-allocator-size-background-worker=32768"
    "memorysetup-temp-allocator-size-job-worker=262144"
    "memorysetup-temp-allocator-size-preload-manager=33554432"
    "memorysetup-temp-allocator-size-nav-mesh-worker=65536"
    "memorysetup-temp-allocator-size-audio-worker=65536"
    "memorysetup-temp-allocator-size-cloud-worker=32768"
    "memorysetup-temp-allocator-size-gi-baking-worker=262144"
    "memorysetup-temp-allocator-size-gfx=262144"
Player connection [12228] Host "[IP] 192.168.0.100 [Port] 0 [Flags] 2 [Guid] 2068480683 [EditorId] 2068480683 [Version] 1048832 [Id] WindowsEditor(7,DESKTOP-HET0B5J) [Debug] 1 [PackageName] WindowsEditor [ProjectName] Editor" joined multi-casting on [225.0.0.222:54997]...

Player connection [12228] Host "[IP] 192.168.0.100 [Port] 0 [Flags] 2 [Guid] 2068480683 [EditorId] 2068480683 [Version] 1048832 [Id] WindowsEditor(7,DESKTOP-HET0B5J) [Debug] 1 [PackageName] WindowsEditor [ProjectName] Editor" joined alternative multi-casting on [225.0.0.222:34997]...

Refreshing native plugins compatible for Editor in 58.72 ms, found 3 plugins.
Preloading 0 native plugins for Editor in 0.00 ms.
Initialize engine version: 2021.3.16f1 (4016570cf34f)
[Subsystems] Discovering subsystems at path C:/Program Files/Unity/Hub/Editor/2021.3.16f1/Editor/Data/Resources/UnitySubsystems
[Subsystems] Discovering subsystems at path D:/00_SMG_Repo/unityShadersPractice/Assets
GfxDevice: creating device client; threaded=0; jobified=0
Direct3D:
    Version:  Direct3D 11.0 [level 11.1]
    Renderer: NVIDIA GeForce RTX 3080 Ti (ID=0x2208)
    Vendor:   NVIDIA
    VRAM:     12100 MB
    Driver:   31.0.15.3598
Initialize mono
Mono path[0] = 'C:/Program Files/Unity/Hub/Editor/2021.3.16f1/Editor/Data/Managed'
Mono path[1] = 'C:/Program Files/Unity/Hub/Editor/2021.3.16f1/Editor/Data/MonoBleedingEdge/lib/mono/unityjit-win32'
Mono config path = 'C:/Program Files/Unity/Hub/Editor/2021.3.16f1/Editor/Data/MonoBleedingEdge/etc'
Using monoOptions --debugger-agent=transport=dt_socket,embedding=1,server=y,suspend=n,address=127.0.0.1:56836
Begin MonoManager ReloadAssembly
Registering precompiled unity dll's ...
Register platform support module: C:/Program Files/Unity/Hub/Editor/2021.3.16f1/Editor/Data/PlaybackEngines/MacStandaloneSupport/UnityEditor.OSXStandalone.Extensions.dll
Register platform support module: C:/Program Files/Unity/Hub/Editor/2021.3.16f1/Editor/Data/PlaybackEngines/iOSSupport/UnityEditor.iOS.Extensions.dll
Register platform support module: C:/Program Files/Unity/Hub/Editor/2021.3.16f1/Editor/Data/PlaybackEngines/WindowsStandaloneSupport/UnityEditor.WindowsStandalone.Extensions.dll
Register platform support module: C:/Program Files/Unity/Hub/Editor/2021.3.16f1/Editor/Data/PlaybackEngines/MetroSupport/UnityEditor.UWP.Extensions.dll
Registered in 0.014140 seconds.
Native extension for UWP target not found
Native extension for WindowsStandalone target not found
[usbmuxd] Start listen thread
[usbmuxd] Listen thread started
Native extension for iOS target not found
Native extension for OSXStandalone target not found
Refreshing native plugins compatible for Editor in 52.56 ms, found 3 plugins.
Preloading 0 native plugins for Editor in 0.00 ms.
Mono: successfully reloaded assembly
- Completed reload, in  0.434 seconds
Domain Reload Profiling:
	ReloadAssembly (435ms)
		BeginReloadAssembly (54ms)
			ExecutionOrderSort (0ms)
			DisableScriptedObjects (0ms)
			BackupInstance (0ms)
			ReleaseScriptingObjects (0ms)
			CreateAndSetChildDomain (1ms)
		EndReloadAssembly (287ms)
			LoadAssemblies (54ms)
			RebuildTransferFunctionScriptingTraits (0ms)
			SetupTypeCache (63ms)
			ReleaseScriptCaches (0ms)
			RebuildScriptCaches (15ms)
			SetupLoadedEditorAssemblies (177ms)
				LogAssemblyErrors (0ms)
				InitializePlatformSupportModulesInManaged (18ms)
				SetLoadedEditorAssemblies (0ms)
				RefreshPlugins (53ms)
				BeforeProcessingInitializeOnLoad (1ms)
				ProcessInitializeOnLoadAttributes (76ms)
				ProcessInitializeOnLoadMethodAttributes (29ms)
				AfterProcessingInitializeOnLoad (0ms)
				EditorAssembliesLoaded (0ms)
			ExecutionOrderSort2 (0ms)
			AwakeInstancesAfterBackupRestoration (0ms)
Platform modules already initialized, skipping
Registering precompiled user dll's ...
Registered in 0.002690 seconds.
Begin MonoManager ReloadAssembly
Symbol file LoadedFromMemory doesn't match image D:\00_SMG_Repo\unityShadersPractice\Library\PackageCache\com.unity.visualscripting@1.7.8\Editor\VisualScripting.Core\Dependencies\YamlDotNet\Unity.VisualScripting.YamlDotNet.dll
Symbol file LoadedFromMemory doesn't match image D:\00_SMG_Repo\unityShadersPractice\Library\PackageCache\com.unity.visualscripting@1.7.8\Editor\VisualScripting.Core\Dependencies\DotNetZip\Unity.VisualScripting.IonicZip.dll
Native extension for UWP target not found
Native extension for WindowsStandalone target not found
Native extension for iOS target not found
Native extension for OSXStandalone target not found
Refreshing native plugins compatible for Editor in 51.78 ms, found 3 plugins.
Preloading 0 native plugins for Editor in 0.00 ms.
Mono: successfully reloaded assembly
- Completed reload, in  0.827 seconds
Domain Reload Profiling:
	ReloadAssembly (828ms)
		BeginReloadAssembly (69ms)
			ExecutionOrderSort (0ms)
			DisableScriptedObjects (3ms)
			BackupInstance (0ms)
			ReleaseScriptingObjects (0ms)
			CreateAndSetChildDomain (13ms)
		EndReloadAssembly (682ms)
			LoadAssemblies (139ms)
			RebuildTransferFunctionScriptingTraits (0ms)
			SetupTypeCache (175ms)
			ReleaseScriptCaches (0ms)
			RebuildScriptCaches (33ms)
			SetupLoadedEditorAssemblies (309ms)
				LogAssemblyErrors (0ms)
				InitializePlatformSupportModulesInManaged (13ms)
				SetLoadedEditorAssemblies (0ms)
				RefreshPlugins (52ms)
				BeforeProcessingInitializeOnLoad (57ms)
				ProcessInitializeOnLoadAttributes (142ms)
				ProcessInitializeOnLoadMethodAttributes (42ms)
				AfterProcessingInitializeOnLoad (4ms)
				EditorAssembliesLoaded (0ms)
			ExecutionOrderSort2 (0ms)
			AwakeInstancesAfterBackupRestoration (5ms)
Platform modules already initialized, skipping
========================================================================
Worker process is ready to serve import requests
Launched and connected shader compiler UnityShaderCompiler.exe after 0.04 seconds
Refreshing native plugins compatible for Editor in 0.64 ms, found 3 plugins.
Preloading 0 native plugins for Editor in 0.00 ms.
Unloading 4325 Unused Serialized files (Serialized files now loaded: 0)
Unloading 29 unused Assets / (399.0 KB). Loaded Objects now: 4781.
Memory consumption went from 148.1 MB to 147.7 MB.
Total: 2.127600 ms (FindLiveObjects: 0.183600 ms CreateObjectMapping: 0.083400 ms MarkObjects: 1.767700 ms  DeleteObjects: 0.092000 ms)

AssetImportParameters requested are different than current active one (requested -> active):
  custom:video-decoder-ogg-theora: a1e56fd34408186e4bbccfd4996cb3dc -> 
  custom:container-muxer-webm: aa71ff27fc2769a1b78a27578f13a17b -> 
  custom:container-demuxer-webm: 4f35f7cbe854078d1ac9338744f61a02 -> 
  custom:video-encoder-webm-vp8: eb34c28f22e8b96e1ab97ce403110664 -> 
  custom:audio-encoder-webm-vorbis: bf7c407c2cedff20999df2af8eb42d56 -> 
  custom:framework-win-MediaFoundation: 216162199b28c13a410421893ffa2e32 -> 
  custom:container-demuxer-ogg: 62fdf1f143b41e24485cea50d1cbac27 -> 
  custom:video-decoder-webm-vp8: 9c59270c3fd7afecdb556c50c9e8de78 -> 
  custom:audio-decoder-ogg-vorbis: bf7c407c2cedff20999df2af8eb42d56 -> 
========================================================================
Received Import Request.
  Time since last request: 26103.883704 seconds.
  path: Assets/shadergraphs/Shader_Lesson_01
  artifactKey: Guid(abbb0c73a6aed854e9f092ad421fe9d4) Importer(815301076,1909f56bfc062723c751e8b465ee728b)
Start importing Assets/shadergraphs/Shader_Lesson_01 using Guid(abbb0c73a6aed854e9f092ad421fe9d4) Importer(815301076,1909f56bfc062723c751e8b465ee728b)  -> (artifact id: 'd9bc857172570e8e06d9d7cc7e75d87b') in 0.005106 seconds 
========================================================================
Received Import Request.
  Time since last request: 11.282722 seconds.
  path: Assets/shadergraphs/Single_Flat
  artifactKey: Guid(9fbde0df493eb0a4a8d3f5a3830428d6) Importer(815301076,1909f56bfc062723c751e8b465ee728b)
Start importing Assets/shadergraphs/Single_Flat using Guid(9fbde0df493eb0a4a8d3f5a3830428d6) Importer(815301076,1909f56bfc062723c751e8b465ee728b)  -> (artifact id: 'c45ea62c23b2526c78e6f79fca2d5e5a') in 0.001136 seconds 
========================================================================
Received Import Request.
  Time since last request: 8.952761 seconds.
  path: Assets/shadergraphs/flat_single_colour
  artifactKey: Guid(9fbde0df493eb0a4a8d3f5a3830428d6) Importer(815301076,1909f56bfc062723c751e8b465ee728b)
Start importing Assets/shadergraphs/flat_single_colour using Guid(9fbde0df493eb0a4a8d3f5a3830428d6) Importer(815301076,1909f56bfc062723c751e8b465ee728b)  -> (artifact id: 'e5795b6cda61bdda48106f2c70297ed2') in 0.001372 seconds 
========================================================================
Received Import Request.
  Time since last request: 14.798407 seconds.
  path: Assets/shadergraphs/flat_single_colour/flat_single_colour.shadergraph
  artifactKey: Guid(0bcd032a7cf02c34f85943576ce066b1) Importer(815301076,1909f56bfc062723c751e8b465ee728b)
Start importing Assets/shadergraphs/flat_single_colour/flat_single_colour.shadergraph using Guid(0bcd032a7cf02c34f85943576ce066b1) Importer(815301076,1909f56bfc062723c751e8b465ee728b)  -> (artifact id: '4734ba1100f69f45a654f57346babb37') in 0.017342 seconds 
========================================================================
Received Import Request.
  Time since last request: 1077.817461 seconds.
  path: Assets/shadergraphs/flat_single_colour/flat_single_colour.shadergraph
  artifactKey: Guid(0bcd032a7cf02c34f85943576ce066b1) Importer(815301076,1909f56bfc062723c751e8b465ee728b)
Start importing Assets/shadergraphs/flat_single_colour/flat_single_colour.shadergraph using Guid(0bcd032a7cf02c34f85943576ce066b1) Importer(815301076,1909f56bfc062723c751e8b465ee728b)  -> (artifact id: '4cadada274ffda08a09481805b849306') in 0.001935 seconds 
========================================================================
Received Import Request.
  Time since last request: 143.154837 seconds.
  path: Assets/shadergraphs/flat_single_colour/flat_single_colour.shadergraph
  artifactKey: Guid(0bcd032a7cf02c34f85943576ce066b1) Importer(815301076,1909f56bfc062723c751e8b465ee728b)
Start importing Assets/shadergraphs/flat_single_colour/flat_single_colour.shadergraph using Guid(0bcd032a7cf02c34f85943576ce066b1) Importer(815301076,1909f56bfc062723c751e8b465ee728b)  -> (artifact id: 'a30b05ebc79814671a7230531e3dc491') in 0.002814 seconds 
========================================================================
Received Import Request.
  Time since last request: 15.589776 seconds.
  path: Assets/shadergraphs/flat_single_colour/flat_single_test.mat
  artifactKey: Guid(02024062e6d239042ae1a00522be1cfb) Importer(815301076,1909f56bfc062723c751e8b465ee728b)
Start importing Assets/shadergraphs/flat_single_colour/flat_single_test.mat using Guid(02024062e6d239042ae1a00522be1cfb) Importer(815301076,1909f56bfc062723c751e8b465ee728b)  -> (artifact id: 'd54679e5ec91cddc6eff65efdcf23258') in 0.053609 seconds 
========================================================================
Received Import Request.
  Time since last request: 255.071291 seconds.
  path: Assets/shadergraphs/flat_single_colour/flat_single_colour.shadergraph
  artifactKey: Guid(0bcd032a7cf02c34f85943576ce066b1) Importer(815301076,1909f56bfc062723c751e8b465ee728b)
Start importing Assets/shadergraphs/flat_single_colour/flat_single_colour.shadergraph using Guid(0bcd032a7cf02c34f85943576ce066b1) Importer(815301076,1909f56bfc062723c751e8b465ee728b)  -> (artifact id: '8086ef3a4550bc6585967113393a7603') in 0.002880 seconds 
========================================================================
Received Import Request.
  Time since last request: 23.063211 seconds.
  path: Assets/shadergraphs/flat_single_colour/flat_single_colour.shadergraph
  artifactKey: Guid(0bcd032a7cf02c34f85943576ce066b1) Importer(815301076,1909f56bfc062723c751e8b465ee728b)
Start importing Assets/shadergraphs/flat_single_colour/flat_single_colour.shadergraph using Guid(0bcd032a7cf02c34f85943576ce066b1) Importer(815301076,1909f56bfc062723c751e8b465ee728b)  -> (artifact id: '3902db4de1fed6d7acd287941bb645f6') in 0.002881 seconds 
========================================================================
Received Import Request.
  Time since last request: 499.968716 seconds.
  path: Assets/shadergraphs/flat_position
  artifactKey: Guid(23052599d5cacb842872b9c6d81ae64b) Importer(815301076,1909f56bfc062723c751e8b465ee728b)
Start importing Assets/shadergraphs/flat_position using Guid(23052599d5cacb842872b9c6d81ae64b) Importer(815301076,1909f56bfc062723c751e8b465ee728b)  -> (artifact id: 'f399c592d91ccf2f66e7fd8a3a0e3522') in 0.001535 seconds 
========================================================================
Received Import Request.
  Time since last request: 10.670622 seconds.
  path: Assets/shadergraphs/flat_position/flat_position.shadergraph
  artifactKey: Guid(6a899c088af5cec4c857d8a0715ef666) Importer(815301076,1909f56bfc062723c751e8b465ee728b)
Start importing Assets/shadergraphs/flat_position/flat_position.shadergraph using Guid(6a899c088af5cec4c857d8a0715ef666) Importer(815301076,1909f56bfc062723c751e8b465ee728b)  -> (artifact id: 'e5d38162f0d5e19c562ee59ded021ae3') in 0.002245 seconds 
========================================================================
Received Import Request.
  Time since last request: 20.512242 seconds.
  path: Assets/shadergraphs/Shader_Lesson_01/cubeMaterial.mat
  artifactKey: Guid(1e6b09755800f904cad2995cb5c88c85) Importer(815301076,1909f56bfc062723c751e8b465ee728b)
Start importing Assets/shadergraphs/Shader_Lesson_01/cubeMaterial.mat using Guid(1e6b09755800f904cad2995cb5c88c85) Importer(815301076,1909f56bfc062723c751e8b465ee728b)  -> (artifact id: '122ec9d1100edf276f62241fa687aeeb') in 0.299329 seconds 
========================================================================
Received Import Request.
  Time since last request: 17.380676 seconds.
  path: Assets/Zombunny/test_material.mat
  artifactKey: Guid(eafb820ca0decbd4ba55eb302096e981) Importer(815301076,1909f56bfc062723c751e8b465ee728b)
Start importing Assets/Zombunny/test_material.mat using Guid(eafb820ca0decbd4ba55eb302096e981) Importer(815301076,1909f56bfc062723c751e8b465ee728b)  -> (artifact id: 'f12b2231304267dab32c56c01847699d') in 0.006458 seconds 
========================================================================
Received Import Request.
  Time since last request: 3751.310086 seconds.
  path: Assets/shadergraphs/normal_colour
  artifactKey: Guid(420a476f9d2879947bc7cd684bce3128) Importer(815301076,1909f56bfc062723c751e8b465ee728b)
Start importing Assets/shadergraphs/normal_colour using Guid(420a476f9d2879947bc7cd684bce3128) Importer(815301076,1909f56bfc062723c751e8b465ee728b)  -> (artifact id: 'e1917049a2593ae02955b22db66f8cc6') in 0.001371 seconds 
========================================================================
Received Import Request.
  Time since last request: 6.752587 seconds.
  path: Assets/shadergraphs/position
  artifactKey: Guid(23052599d5cacb842872b9c6d81ae64b) Importer(815301076,1909f56bfc062723c751e8b465ee728b)
Start importing Assets/shadergraphs/position using Guid(23052599d5cacb842872b9c6d81ae64b) Importer(815301076,1909f56bfc062723c751e8b465ee728b)  -> (artifact id: '09c79d4096e7f457e3989fc56122d34f') in 0.002049 seconds 
========================================================================
Received Import Request.
  Time since last request: 1.531829 seconds.
  path: Assets/shadergraphs/position/flat_position.shadergraph
  artifactKey: Guid(6a899c088af5cec4c857d8a0715ef666) Importer(815301076,1909f56bfc062723c751e8b465ee728b)
Start importing Assets/shadergraphs/position/flat_position.shadergraph using Guid(6a899c088af5cec4c857d8a0715ef666) Importer(815301076,1909f56bfc062723c751e8b465ee728b)  -> (artifact id: '40926a466ff51386c2845de8317d8bb2') in 0.002253 seconds 
========================================================================
Received Import Request.
  Time since last request: 2.234596 seconds.
  path: Assets/shadergraphs/position/position.shadergraph
  artifactKey: Guid(6a899c088af5cec4c857d8a0715ef666) Importer(815301076,1909f56bfc062723c751e8b465ee728b)
Start importing Assets/shadergraphs/position/position.shadergraph using Guid(6a899c088af5cec4c857d8a0715ef666) Importer(815301076,1909f56bfc062723c751e8b465ee728b)  -> (artifact id: '82a1ba2793876927261147c98a72c62a') in 0.002324 seconds 
========================================================================
Received Import Request.
  Time since last request: 9.143430 seconds.
  path: Assets/shadergraphs/position_colour
  artifactKey: Guid(23052599d5cacb842872b9c6d81ae64b) Importer(815301076,1909f56bfc062723c751e8b465ee728b)
Start importing Assets/shadergraphs/position_colour using Guid(23052599d5cacb842872b9c6d81ae64b) Importer(815301076,1909f56bfc062723c751e8b465ee728b)  -> (artifact id: '0e2285ff011860a59a20206c9763d2d5') in 0.001228 seconds 
========================================================================
Received Import Request.
  Time since last request: 2.488371 seconds.
  path: Assets/shadergraphs/position_colour/position_colour.shadergraph
  artifactKey: Guid(6a899c088af5cec4c857d8a0715ef666) Importer(815301076,1909f56bfc062723c751e8b465ee728b)
Start importing Assets/shadergraphs/position_colour/position_colour.shadergraph using Guid(6a899c088af5cec4c857d8a0715ef666) Importer(815301076,1909f56bfc062723c751e8b465ee728b)  -> (artifact id: '8636db3fdd83631d1b6c136b7e4916ed') in 0.002214 seconds 
========================================================================
Received Import Request.
  Time since last request: 10.098598 seconds.
  path: Assets/shadergraphs/normal_colour/New Shader Graph.shadergraph
  artifactKey: Guid(d2c7f85697a9d074cad00ac976189450) Importer(815301076,1909f56bfc062723c751e8b465ee728b)
Start importing Assets/shadergraphs/normal_colour/New Shader Graph.shadergraph using Guid(d2c7f85697a9d074cad00ac976189450) Importer(815301076,1909f56bfc062723c751e8b465ee728b)  -> (artifact id: '095111e6ab8f0409a40e10a8655c2384') in 0.003043 seconds 
========================================================================
Received Import Request.
  Time since last request: 3.422558 seconds.
  path: Assets/shadergraphs/normal_colour/normal_coloru.shadergraph
  artifactKey: Guid(d2c7f85697a9d074cad00ac976189450) Importer(815301076,1909f56bfc062723c751e8b465ee728b)
Start importing Assets/shadergraphs/normal_colour/normal_coloru.shadergraph using Guid(d2c7f85697a9d074cad00ac976189450) Importer(815301076,1909f56bfc062723c751e8b465ee728b)  -> (artifact id: '9d97b2700716fb90ebdf04cc95db1547') in 0.002176 seconds 
========================================================================
Received Import Request.
  Time since last request: 3.504691 seconds.
  path: Assets/shadergraphs/normal_colour/normal_colour.shadergraph
  artifactKey: Guid(d2c7f85697a9d074cad00ac976189450) Importer(815301076,1909f56bfc062723c751e8b465ee728b)
Start importing Assets/shadergraphs/normal_colour/normal_colour.shadergraph using Guid(d2c7f85697a9d074cad00ac976189450) Importer(815301076,1909f56bfc062723c751e8b465ee728b)  -> (artifact id: '997000fd3c8d7e75a9126a20219e7b53') in 0.001888 seconds 
========================================================================
Received Import Request.
  Time since last request: 141.903181 seconds.
  path: Assets/shadergraphs/normal_colour/normal_colour.shadergraph
  artifactKey: Guid(d2c7f85697a9d074cad00ac976189450) Importer(815301076,1909f56bfc062723c751e8b465ee728b)
Start importing Assets/shadergraphs/normal_colour/normal_colour.shadergraph using Guid(d2c7f85697a9d074cad00ac976189450) Importer(815301076,1909f56bfc062723c751e8b465ee728b)  -> (artifact id: '831ad7c8dcd08bd59594170c0c289fd3') in 0.003604 seconds 
========================================================================
Received Import Request.
  Time since last request: 35.230495 seconds.
  path: Assets/shadergraphs/NewUnlitShader.shader
  artifactKey: Guid(6a6c3f116d35b70429993940a3642d0c) Importer(815301076,1909f56bfc062723c751e8b465ee728b)
Start importing Assets/shadergraphs/NewUnlitShader.shader using Guid(6a6c3f116d35b70429993940a3642d0c) Importer(815301076,1909f56bfc062723c751e8b465ee728b)  -> (artifact id: '7fcc66c750c7baf79dd5841f87461aa6') in 0.023602 seconds 
========================================================================
Received Import Request.
  Time since last request: 8.688883 seconds.
  path: Assets/shadergraphs/mix_colours.shadergraph
  artifactKey: Guid(8fd2d4198ea918042900480a078073eb) Importer(815301076,1909f56bfc062723c751e8b465ee728b)
Start importing Assets/shadergraphs/mix_colours.shadergraph using Guid(8fd2d4198ea918042900480a078073eb) Importer(815301076,1909f56bfc062723c751e8b465ee728b)  -> (artifact id: '6dfd7f8b2919d105cf396c2ccecb8851') in 0.002198 seconds 
========================================================================
Received Import Request.
  Time since last request: 441.021614 seconds.
  path: Assets/shadergraphs/mix_colours.shadergraph
  artifactKey: Guid(8fd2d4198ea918042900480a078073eb) Importer(815301076,1909f56bfc062723c751e8b465ee728b)
Start importing Assets/shadergraphs/mix_colours.shadergraph using Guid(8fd2d4198ea918042900480a078073eb) Importer(815301076,1909f56bfc062723c751e8b465ee728b)  -> (artifact id: 'b12272f01f302dcd65f6c6256ce9f3cf') in 0.002461 seconds 
========================================================================
Received Import Request.
  Time since last request: 44.886905 seconds.
  path: Assets/shadergraphs/custom_shader.shadergraph
  artifactKey: Guid(b8e9c7b67b0995f4289bb1d0d7985f61) Importer(815301076,1909f56bfc062723c751e8b465ee728b)
Start importing Assets/shadergraphs/custom_shader.shadergraph using Guid(b8e9c7b67b0995f4289bb1d0d7985f61) Importer(815301076,1909f56bfc062723c751e8b465ee728b)  -> (artifact id: 'f2d0668f9d2cf77b3ca6c3e3a251b882') in 0.002356 seconds 
========================================================================
Received Import Request.
  Time since last request: 549.477174 seconds.
  path: Assets/shadergraphs/Shader_Lesson_01/lesson_greenLit_01.shadergraph
  artifactKey: Guid(00911fd66cf69cf45be9e5a4983c6819) Importer(815301076,1909f56bfc062723c751e8b465ee728b)
Start importing Assets/shadergraphs/Shader_Lesson_01/lesson_greenLit_01.shadergraph using Guid(00911fd66cf69cf45be9e5a4983c6819) Importer(815301076,1909f56bfc062723c751e8b465ee728b)  -> (artifact id: 'cdd3d6fb9daeafeb30da5e01d78b3e7f') in 0.001746 seconds 
========================================================================
Received Import Request.
  Time since last request: 2.278222 seconds.
  path: Assets/shadergraphs/position_colour/position_colour.shadergraph
  artifactKey: Guid(6a899c088af5cec4c857d8a0715ef666) Importer(815301076,1909f56bfc062723c751e8b465ee728b)
Start importing Assets/shadergraphs/position_colour/position_colour.shadergraph using Guid(6a899c088af5cec4c857d8a0715ef666) Importer(815301076,1909f56bfc062723c751e8b465ee728b)  -> (artifact id: 'd187c3cc34ebe83c11b9e35fa2f0dcba') in 0.002026 seconds 
========================================================================
Received Import Request.
  Time since last request: 28.366167 seconds.
  path: Assets/shadergraphs/texture.shadergraph
  artifactKey: Guid(ced49d8250daec94c9d3ff4ebb16e795) Importer(815301076,1909f56bfc062723c751e8b465ee728b)
Start importing Assets/shadergraphs/texture.shadergraph using Guid(ced49d8250daec94c9d3ff4ebb16e795) Importer(815301076,1909f56bfc062723c751e8b465ee728b)  -> (artifact id: '5f8d6c112d487c6cc8ad65f7a70f88b1') in 0.002355 seconds 
========================================================================
Received Import Request.
  Time since last request: 78.893102 seconds.
  path: Assets/shadergraphs/texture.shadergraph
  artifactKey: Guid(ced49d8250daec94c9d3ff4ebb16e795) Importer(815301076,1909f56bfc062723c751e8b465ee728b)
Start importing Assets/shadergraphs/texture.shadergraph using Guid(ced49d8250daec94c9d3ff4ebb16e795) Importer(815301076,1909f56bfc062723c751e8b465ee728b)  -> (artifact id: 'b20188edfe34394942466d0227d0d7d9') in 0.002062 seconds 
========================================================================
Received Import Request.
  Time since last request: 4664.470780 seconds.
  path: Assets/shadergraphs/New Shader Graph.shadergraph
  artifactKey: Guid(97d697dc3336df34787f6d7739dde083) Importer(815301076,1909f56bfc062723c751e8b465ee728b)
Start importing Assets/shadergraphs/New Shader Graph.shadergraph using Guid(97d697dc3336df34787f6d7739dde083) Importer(815301076,1909f56bfc062723c751e8b465ee728b)  -> (artifact id: 'c51e5ca58cf861f1670651f2e386ca5e') in 0.005373 seconds 
========================================================================
Received Import Request.
  Time since last request: 9.514579 seconds.
  path: Assets/shadergraphs/Diffuse.shadergraph
  artifactKey: Guid(97d697dc3336df34787f6d7739dde083) Importer(815301076,1909f56bfc062723c751e8b465ee728b)
Start importing Assets/shadergraphs/Diffuse.shadergraph using Guid(97d697dc3336df34787f6d7739dde083) Importer(815301076,1909f56bfc062723c751e8b465ee728b)  -> (artifact id: '812611d5873c9ddd813d15b62104eb43') in 0.002124 seconds 
========================================================================
Received Import Request.
  Time since last request: 7729.539053 seconds.
  path: Assets/shadergraphs/Diffuse.shadergraph
  artifactKey: Guid(97d697dc3336df34787f6d7739dde083) Importer(815301076,1909f56bfc062723c751e8b465ee728b)
Start importing Assets/shadergraphs/Diffuse.shadergraph using Guid(97d697dc3336df34787f6d7739dde083) Importer(815301076,1909f56bfc062723c751e8b465ee728b)  -> (artifact id: '4bbdf0532ad6a151427233e7519429d3') in 0.025895 seconds 
========================================================================
Received Import Request.
  Time since last request: 278.380803 seconds.
  path: Assets/shadergraphs/test_material.mat
  artifactKey: Guid(eafb820ca0decbd4ba55eb302096e981) Importer(815301076,1909f56bfc062723c751e8b465ee728b)
Start importing Assets/shadergraphs/test_material.mat using Guid(eafb820ca0decbd4ba55eb302096e981) Importer(815301076,1909f56bfc062723c751e8b465ee728b)  -> (artifact id: 'cab65434308427e5a31b7aa116521239') in 0.261338 seconds 
========================================================================
Received Import Request.
  Time since last request: 59.408986 seconds.
  path: Assets/shadergraphs/test_material.mat
  artifactKey: Guid(eafb820ca0decbd4ba55eb302096e981) Importer(815301076,1909f56bfc062723c751e8b465ee728b)
Start importing Assets/shadergraphs/test_material.mat using Guid(eafb820ca0decbd4ba55eb302096e981) Importer(815301076,1909f56bfc062723c751e8b465ee728b)  -> (artifact id: 'da2be7c0e0cbd7134f2d1428bb214124') in 0.257382 seconds 
========================================================================
Received Import Request.
  Time since last request: 253.078325 seconds.
  path: Assets/shadergraphs/test_material.mat
  artifactKey: Guid(eafb820ca0decbd4ba55eb302096e981) Importer(815301076,1909f56bfc062723c751e8b465ee728b)
Start importing Assets/shadergraphs/test_material.mat using Guid(eafb820ca0decbd4ba55eb302096e981) Importer(815301076,1909f56bfc062723c751e8b465ee728b)  -> (artifact id: '7cde13fee1e5d7443d8e1c0485e65546') in 0.010497 seconds 
========================================================================
Received Import Request.
  Time since last request: 16.492075 seconds.
  path: Assets/shadergraphs/blinnphong.shadergraph
  artifactKey: Guid(3d0f985476852644199d26f063f33aa2) Importer(815301076,1909f56bfc062723c751e8b465ee728b)
Start importing Assets/shadergraphs/blinnphong.shadergraph using Guid(3d0f985476852644199d26f063f33aa2) Importer(815301076,1909f56bfc062723c751e8b465ee728b)  -> (artifact id: '748e732e99bbce6740678eea04d0a74b') in 0.003720 seconds 
========================================================================
Received Import Request.
  Time since last request: 175.033520 seconds.
  path: Assets/shadergraphs/blinnphong.shadergraph
  artifactKey: Guid(3d0f985476852644199d26f063f33aa2) Importer(815301076,1909f56bfc062723c751e8b465ee728b)
Start importing Assets/shadergraphs/blinnphong.shadergraph using Guid(3d0f985476852644199d26f063f33aa2) Importer(815301076,1909f56bfc062723c751e8b465ee728b)  -> (artifact id: '165e9593752e82c97544aacb0cacd439') in 0.002131 seconds 
========================================================================
Received Import Request.
  Time since last request: 189.294323 seconds.
  path: Assets/shadergraphs/blinnphong.shadergraph
  artifactKey: Guid(3d0f985476852644199d26f063f33aa2) Importer(815301076,1909f56bfc062723c751e8b465ee728b)
Start importing Assets/shadergraphs/blinnphong.shadergraph using Guid(3d0f985476852644199d26f063f33aa2) Importer(815301076,1909f56bfc062723c751e8b465ee728b)  -> (artifact id: '4bff23a377730a98a185d4c6f65b7af9') in 0.002453 seconds 
========================================================================
Received Import Request.
  Time since last request: 271.832442 seconds.
  path: Assets/shadergraphs/test_material.mat
  artifactKey: Guid(eafb820ca0decbd4ba55eb302096e981) Importer(815301076,1909f56bfc062723c751e8b465ee728b)
Start importing Assets/shadergraphs/test_material.mat using Guid(eafb820ca0decbd4ba55eb302096e981) Importer(815301076,1909f56bfc062723c751e8b465ee728b)  -> (artifact id: 'a5455bd3f472439a77e49a7aafdb343a') in 0.392888 seconds 
========================================================================
Received Import Request.
  Time since last request: 25.037364 seconds.
  path: Assets/shadergraphs/pbr.shadergraph
  artifactKey: Guid(3f657c51c2d2e744398abce31eef5be5) Importer(815301076,1909f56bfc062723c751e8b465ee728b)
Start importing Assets/shadergraphs/pbr.shadergraph using Guid(3f657c51c2d2e744398abce31eef5be5) Importer(815301076,1909f56bfc062723c751e8b465ee728b)  -> (artifact id: 'ab8949d13b161df72ad29ffb8b55996e') in 0.003060 seconds 
========================================================================
Received Import Request.
  Time since last request: 1264.544857 seconds.
  path: Assets/Textures
  artifactKey: Guid(c2853053dc1388a49878e5febf1058ec) Importer(815301076,1909f56bfc062723c751e8b465ee728b)
Start importing Assets/Textures using Guid(c2853053dc1388a49878e5febf1058ec) Importer(815301076,1909f56bfc062723c751e8b465ee728b)  -> (artifact id: 'e7b758d5bbea7cd9037742f3333a2d11') in 0.001426 seconds 
========================================================================
Received Import Request.
  Time since last request: 0.524749 seconds.
  path: Assets/Textures/ironForge
  artifactKey: Guid(0f8030d985549a54181135efdc95e16b) Importer(815301076,1909f56bfc062723c751e8b465ee728b)
Start importing Assets/Textures/ironForge using Guid(0f8030d985549a54181135efdc95e16b) Importer(815301076,1909f56bfc062723c751e8b465ee728b)  -> (artifact id: '1fdb141d519b21d8146b7b0214a5f514') in 0.001342 seconds 
========================================================================
Received Import Request.
  Time since last request: 0.518463 seconds.
  path: Assets/Textures/ironForge/ironForge_Roughness.jpg
  artifactKey: Guid(e5c8e87139e63654b8142a833ebb6ffc) Importer(815301076,1909f56bfc062723c751e8b465ee728b)
Start importing Assets/Textures/ironForge/ironForge_Roughness.jpg using Guid(e5c8e87139e63654b8142a833ebb6ffc) Importer(815301076,1909f56bfc062723c751e8b465ee728b)  -> (artifact id: 'ed39ec01ad56870fd876fdd18b9527bb') in 0.039963 seconds 
========================================================================
Received Import Request.
  Time since last request: 0.405281 seconds.
  path: Assets/Textures/ironForge/ironForge_Displacement.jpg
  artifactKey: Guid(1165e6d2bcedb3a48a34087332987c78) Importer(815301076,1909f56bfc062723c751e8b465ee728b)
Start importing Assets/Textures/ironForge/ironForge_Displacement.jpg using Guid(1165e6d2bcedb3a48a34087332987c78) Importer(815301076,1909f56bfc062723c751e8b465ee728b)  -> (artifact id: '6d95e42303cb77a69349fba55d61ac5a') in 0.006934 seconds 
========================================================================
Received Import Request.
  Time since last request: 0.221993 seconds.
  path: Assets/Textures/ironForge/ironForge_Displacement.exr
  artifactKey: Guid(a6afd34fe624ea84a8a0fa74e33d3eae) Importer(815301076,1909f56bfc062723c751e8b465ee728b)
Start importing Assets/Textures/ironForge/ironForge_Displacement.exr using Guid(a6afd34fe624ea84a8a0fa74e33d3eae) Importer(815301076,1909f56bfc062723c751e8b465ee728b)  -> (artifact id: '356b799c4bdfa9db838c288a7f2b02e0') in 0.015508 seconds 
========================================================================
Received Import Request.
  Time since last request: 0.241730 seconds.
  path: Assets/Textures/ironForge/ironForge_Albedo.jpg
  artifactKey: Guid(4aa34aafd9014464093eb54e8a06036b) Importer(815301076,1909f56bfc062723c751e8b465ee728b)
Start importing Assets/Textures/ironForge/ironForge_Albedo.jpg using Guid(4aa34aafd9014464093eb54e8a06036b) Importer(815301076,1909f56bfc062723c751e8b465ee728b)  -> (artifact id: '4d490fa30dacb78eda5004d31b153623') in 0.007126 seconds 
========================================================================
Received Import Request.
  Time since last request: 2.068309 seconds.
  path: Assets/Textures/ironForge/ironForge_AO.jpg
  artifactKey: Guid(c2b6b8b4e9dd51e45bcc72d196b809eb) Importer(815301076,1909f56bfc062723c751e8b465ee728b)
Start importing Assets/Textures/ironForge/ironForge_AO.jpg using Guid(c2b6b8b4e9dd51e45bcc72d196b809eb) Importer(815301076,1909f56bfc062723c751e8b465ee728b)  -> (artifact id: '47b6c8eab92ad2e2b133d31afdb568af') in 0.009050 seconds 
========================================================================
Received Import Request.
  Time since last request: 334.590586 seconds.
  path: Assets/Textures/ironForge/ironForge_Normal.jpg
  artifactKey: Guid(c16bd79b5e664a8499ed3257e0e17bec) Importer(815301076,1909f56bfc062723c751e8b465ee728b)
Start importing Assets/Textures/ironForge/ironForge_Normal.jpg using Guid(c16bd79b5e664a8499ed3257e0e17bec) Importer(815301076,1909f56bfc062723c751e8b465ee728b)  -> (artifact id: 'c97b2bb90e258a1a1e86c60d7e4f24af') in 0.007142 seconds 
========================================================================
Received Import Request.
  Time since last request: 107.334362 seconds.
  path: Assets/Textures/stripes.jpg
  artifactKey: Guid(6d223a295bef1a1408f8572541771525) Importer(815301076,1909f56bfc062723c751e8b465ee728b)
Start importing Assets/Textures/stripes.jpg using Guid(6d223a295bef1a1408f8572541771525) Importer(815301076,1909f56bfc062723c751e8b465ee728b)  -> (artifact id: '5b0079ac357455184946cee420377d28') in 0.004777 seconds 
========================================================================
Received Import Request.
  Time since last request: 1027.538091 seconds.
  path: Assets/Textures/sunset.jpg
  artifactKey: Guid(d603ccff0231da746be68d5901153a04) Importer(815301076,1909f56bfc062723c751e8b465ee728b)
Start importing Assets/Textures/sunset.jpg using Guid(d603ccff0231da746be68d5901153a04) Importer(815301076,1909f56bfc062723c751e8b465ee728b)  -> (artifact id: '53fe09a000adf743e208235ec5345414') in 0.006028 seconds 
========================================================================
Received Import Request.
  Time since last request: 8.844003 seconds.
  path: Assets/Textures/sunset.jpg
  artifactKey: Guid(d603ccff0231da746be68d5901153a04) Importer(815301076,1909f56bfc062723c751e8b465ee728b)
Start importing Assets/Textures/sunset.jpg using Guid(d603ccff0231da746be68d5901153a04) Importer(815301076,1909f56bfc062723c751e8b465ee728b)  -> (artifact id: '082c27cf5aa5aa544ad4c268d1483d60') in 0.023411 seconds 
========================================================================
Received Import Request.
  Time since last request: 12.748090 seconds.
  path: Assets/shadergraphs/test_material.mat
  artifactKey: Guid(eafb820ca0decbd4ba55eb302096e981) Importer(815301076,1909f56bfc062723c751e8b465ee728b)
Start importing Assets/shadergraphs/test_material.mat using Guid(eafb820ca0decbd4ba55eb302096e981) Importer(815301076,1909f56bfc062723c751e8b465ee728b)  -> (artifact id: '72e52c67c2ab83f55e5512d4576e5ed7') in 0.387809 seconds 
========================================================================
Received Import Request.
  Time since last request: 25.399659 seconds.
  path: Assets/shadergraphs/Reflections.shadergraph
  artifactKey: Guid(c4cc13d1dcb35fc4dafa9b0771ff4432) Importer(815301076,1909f56bfc062723c751e8b465ee728b)
Start importing Assets/shadergraphs/Reflections.shadergraph using Guid(c4cc13d1dcb35fc4dafa9b0771ff4432) Importer(815301076,1909f56bfc062723c751e8b465ee728b)  -> (artifact id: '0feb36c96124ceda57add8336bd71e35') in 0.003190 seconds 
========================================================================
Received Import Request.
  Time since last request: 32.523191 seconds.
  path: Assets/Textures/sunset.jpg
  artifactKey: Guid(d603ccff0231da746be68d5901153a04) Importer(815301076,1909f56bfc062723c751e8b465ee728b)
Start importing Assets/Textures/sunset.jpg using Guid(d603ccff0231da746be68d5901153a04) Importer(815301076,1909f56bfc062723c751e8b465ee728b)  -> (artifact id: 'c584a47885bcbe051ced0ed608e8bd36') in 0.007238 seconds 
========================================================================
Received Import Request.
  Time since last request: 390.235022 seconds.
  path: Assets/Textures/sunset 1.jpg
  artifactKey: Guid(190eaa0ba7b26bf45a11008e7034707b) Importer(815301076,1909f56bfc062723c751e8b465ee728b)
Start importing Assets/Textures/sunset 1.jpg using Guid(190eaa0ba7b26bf45a11008e7034707b) Importer(815301076,1909f56bfc062723c751e8b465ee728b)  -> (artifact id: '54c3fffd1cb17ee41eccfbebdd379ab6') in 0.010209 seconds 
========================================================================
Received Import Request.
  Time since last request: 3.156298 seconds.
  path: Assets/Textures/sunset_2.jpg
  artifactKey: Guid(190eaa0ba7b26bf45a11008e7034707b) Importer(815301076,1909f56bfc062723c751e8b465ee728b)
Start importing Assets/Textures/sunset_2.jpg using Guid(190eaa0ba7b26bf45a11008e7034707b) Importer(815301076,1909f56bfc062723c751e8b465ee728b)  -> (artifact id: '1683be0e114e90417c8533c03d0ecf25') in 0.010813 seconds 
========================================================================
Received Import Request.
  Time since last request: 5.335616 seconds.
  path: Assets/Textures/sunset_sky.jpg
  artifactKey: Guid(190eaa0ba7b26bf45a11008e7034707b) Importer(815301076,1909f56bfc062723c751e8b465ee728b)
Start importing Assets/Textures/sunset_sky.jpg using Guid(190eaa0ba7b26bf45a11008e7034707b) Importer(815301076,1909f56bfc062723c751e8b465ee728b)  -> (artifact id: '6e4669cb2388a18b2be160992bff92f7') in 0.005560 seconds 
========================================================================
Received Import Request.
  Time since last request: 7.469856 seconds.
  path: Assets/Textures/sunset_sky.jpg
  artifactKey: Guid(190eaa0ba7b26bf45a11008e7034707b) Importer(815301076,1909f56bfc062723c751e8b465ee728b)
Start importing Assets/Textures/sunset_sky.jpg using Guid(190eaa0ba7b26bf45a11008e7034707b) Importer(815301076,1909f56bfc062723c751e8b465ee728b)  -> (artifact id: '955f3fe7577324ca974181421f418a2a') in 0.005552 seconds 
========================================================================
Received Import Request.
  Time since last request: 18.565362 seconds.
  path: Assets/Textures/sunset_sky.jpg
  artifactKey: Guid(190eaa0ba7b26bf45a11008e7034707b) Importer(815301076,1909f56bfc062723c751e8b465ee728b)
Start importing Assets/Textures/sunset_sky.jpg using Guid(190eaa0ba7b26bf45a11008e7034707b) Importer(815301076,1909f56bfc062723c751e8b465ee728b)  -> (artifact id: '0e2edbd1041393ef7608c57fca0687f0') in 0.595541 seconds 
========================================================================
Received Import Request.
  Time since last request: 30.039673 seconds.
  path: Assets/Textures/TreasureIslandWhiteBalanced.exr
  artifactKey: Guid(c5e4d388ee7f1e24c9c7e269d123a8d2) Importer(815301076,1909f56bfc062723c751e8b465ee728b)
Start importing Assets/Textures/TreasureIslandWhiteBalanced.exr using Guid(c5e4d388ee7f1e24c9c7e269d123a8d2) Importer(815301076,1909f56bfc062723c751e8b465ee728b)  -> (artifact id: '9dcb0f17f5acc23d9a3013917cc18571') in 0.006503 seconds 
========================================================================
Received Import Request.
  Time since last request: 4.337237 seconds.
  path: Assets/Textures/TreasureIslandWhiteBalanced 1.exr
  artifactKey: Guid(0e6066c4963d2b8438e34945fed83646) Importer(815301076,1909f56bfc062723c751e8b465ee728b)
Start importing Assets/Textures/TreasureIslandWhiteBalanced 1.exr using Guid(0e6066c4963d2b8438e34945fed83646) Importer(815301076,1909f56bfc062723c751e8b465ee728b)  -> (artifact id: 'c83c648bdc6fe2be0e82cff2338779ed') in 0.005830 seconds 
========================================================================
Received Import Request.
  Time since last request: 5.059223 seconds.
  path: Assets/Textures/TreasureIslandWhiteBalanced_2.exr
  artifactKey: Guid(0e6066c4963d2b8438e34945fed83646) Importer(815301076,1909f56bfc062723c751e8b465ee728b)
Start importing Assets/Textures/TreasureIslandWhiteBalanced_2.exr using Guid(0e6066c4963d2b8438e34945fed83646) Importer(815301076,1909f56bfc062723c751e8b465ee728b)  -> (artifact id: '03cb753191fc1fb53ccfab397492849c') in 0.016090 seconds 
========================================================================
Received Import Request.
  Time since last request: 22.666574 seconds.
  path: Assets/Textures/TreasureIslandWhiteBalanced.exr
  artifactKey: Guid(c5e4d388ee7f1e24c9c7e269d123a8d2) Importer(815301076,1909f56bfc062723c751e8b465ee728b)
Start importing Assets/Textures/TreasureIslandWhiteBalanced.exr using Guid(c5e4d388ee7f1e24c9c7e269d123a8d2) Importer(815301076,1909f56bfc062723c751e8b465ee728b)  -> (artifact id: '4e236a15ac23c93832137afeabb0b235') in 0.039524 seconds 
========================================================================
Received Import Request.
  Time since last request: 10.477757 seconds.
  path: Assets/Textures/TreasureIslandWhiteBalanced.exr
  artifactKey: Guid(c5e4d388ee7f1e24c9c7e269d123a8d2) Importer(815301076,1909f56bfc062723c751e8b465ee728b)
Start importing Assets/Textures/TreasureIslandWhiteBalanced.exr using Guid(c5e4d388ee7f1e24c9c7e269d123a8d2) Importer(815301076,1909f56bfc062723c751e8b465ee728b)  -> (artifact id: '2361650cbc2b2c53ae04ba0292774bd1') in 0.034960 seconds 
========================================================================
Received Import Request.
  Time since last request: 192.673554 seconds.
  path: Assets/Textures/New Folder
  artifactKey: Guid(aa8b51912a1116b4ba5d450b8c2ddbf2) Importer(815301076,1909f56bfc062723c751e8b465ee728b)
Start importing Assets/Textures/New Folder using Guid(aa8b51912a1116b4ba5d450b8c2ddbf2) Importer(815301076,1909f56bfc062723c751e8b465ee728b)  -> (artifact id: '11765e509dae49aa9bc9b53fea1adb36') in 0.001582 seconds 
========================================================================
Received Import Request.
  Time since last request: 3.649189 seconds.
  path: Assets/Textures/skyboxes
  artifactKey: Guid(aa8b51912a1116b4ba5d450b8c2ddbf2) Importer(815301076,1909f56bfc062723c751e8b465ee728b)
Start importing Assets/Textures/skyboxes using Guid(aa8b51912a1116b4ba5d450b8c2ddbf2) Importer(815301076,1909f56bfc062723c751e8b465ee728b)  -> (artifact id: 'fae2a1273dfaab8c5bdbed4d4fa345dc') in 0.001756 seconds 
========================================================================
Received Import Request.
  Time since last request: 372.146109 seconds.
  path: Assets/Images
  artifactKey: Guid(add6e5fca69477444b121f7c695ceb8e) Importer(815301076,1909f56bfc062723c751e8b465ee728b)
Start importing Assets/Images using Guid(add6e5fca69477444b121f7c695ceb8e) Importer(815301076,1909f56bfc062723c751e8b465ee728b)  -> (artifact id: 'af54ef3c5f419a04269e326b7ee92a89') in 0.001453 seconds 
========================================================================
Received Import Request.
  Time since last request: 18.620884 seconds.
  path: Assets/toy_room_asset
  artifactKey: Guid(190c71f483d8fde429c1a351eacc18d9) Importer(815301076,1909f56bfc062723c751e8b465ee728b)
Start importing Assets/toy_room_asset using Guid(190c71f483d8fde429c1a351eacc18d9) Importer(815301076,1909f56bfc062723c751e8b465ee728b)  -> (artifact id: 'c30b078888756d86baf577f4660735cf') in 0.001289 seconds 
========================================================================
Received Import Request.
  Time since last request: 14.150804 seconds.
  path: Assets/toy_room_asset/Room.unity
  artifactKey: Guid(439d7874866d840c0934df8cd7a1af6c) Importer(815301076,1909f56bfc062723c751e8b465ee728b)
Start importing Assets/toy_room_asset/Room.unity using Guid(439d7874866d840c0934df8cd7a1af6c) Importer(815301076,1909f56bfc062723c751e8b465ee728b)  -> (artifact id: '8fc42d8bd4ab9387fc9b58482dab49d5') in 0.021986 seconds 
