Using pre-set license
Built from '2021.3/staging' branch; Version is '2021.3.16f1 (4016570cf34f) revision 4200023'; Using compiler version '192829333'; Build Type 'Release'
OS: 'Windows 11  (10.0.22621) 64bit Core' Language: 'en' Physical Memory: 65349 MB
BatchMode: 1, IsHumanControllingUs: 0, StartBugReporterOnCrash: 0, Is64bit: 1, IsPro: 1

COMMAND LINE ARGUMENTS:
C:\Program Files\Unity\Hub\Editor\2021.3.16f1\Editor\Unity.exe
-adb2
-batchMode
-noUpm
-name
AssetImportWorker2
-projectPath
D:/00_SMG_Repo/unityShadersPractice
-logFile
Logs/AssetImportWorker2.log
-srvPort
50541
Successfully changed project path to: D:/00_SMG_Repo/unityShadersPractice
D:/00_SMG_Repo/unityShadersPractice
[UnityMemory] Configuration Parameters - Can be set up in boot.config
    "memorysetup-bucket-allocator-granularity=16"
    "memorysetup-bucket-allocator-bucket-count=8"
    "memorysetup-bucket-allocator-block-size=33554432"
    "memorysetup-bucket-allocator-block-count=8"
    "memorysetup-main-allocator-block-size=16777216"
    "memorysetup-thread-allocator-block-size=16777216"
    "memorysetup-gfx-main-allocator-block-size=16777216"
    "memorysetup-gfx-thread-allocator-block-size=16777216"
    "memorysetup-cache-allocator-block-size=4194304"
    "memorysetup-typetree-allocator-block-size=2097152"
    "memorysetup-profiler-bucket-allocator-granularity=16"
    "memorysetup-profiler-bucket-allocator-bucket-count=8"
    "memorysetup-profiler-bucket-allocator-block-size=33554432"
    "memorysetup-profiler-bucket-allocator-block-count=8"
    "memorysetup-profiler-allocator-block-size=16777216"
    "memorysetup-profiler-editor-allocator-block-size=1048576"
    "memorysetup-temp-allocator-size-main=16777216"
    "memorysetup-job-temp-allocator-block-size=2097152"
    "memorysetup-job-temp-allocator-block-size-background=1048576"
    "memorysetup-job-temp-allocator-reduction-small-platforms=262144"
    "memorysetup-temp-allocator-size-background-worker=32768"
    "memorysetup-temp-allocator-size-job-worker=262144"
    "memorysetup-temp-allocator-size-preload-manager=33554432"
    "memorysetup-temp-allocator-size-nav-mesh-worker=65536"
    "memorysetup-temp-allocator-size-audio-worker=65536"
    "memorysetup-temp-allocator-size-cloud-worker=32768"
    "memorysetup-temp-allocator-size-gi-baking-worker=262144"
    "memorysetup-temp-allocator-size-gfx=262144"
Player connection [20428] Host "[IP] 192.168.0.100 [Port] 0 [Flags] 2 [Guid] 882098922 [EditorId] 882098922 [Version] 1048832 [Id] WindowsEditor(7,DESKTOP-HET0B5J) [Debug] 1 [PackageName] WindowsEditor [ProjectName] Editor" joined multi-casting on [225.0.0.222:54997]...

Player connection [20428] Host "[IP] 192.168.0.100 [Port] 0 [Flags] 2 [Guid] 882098922 [EditorId] 882098922 [Version] 1048832 [Id] WindowsEditor(7,DESKTOP-HET0B5J) [Debug] 1 [PackageName] WindowsEditor [ProjectName] Editor" joined alternative multi-casting on [225.0.0.222:34997]...

Refreshing native plugins compatible for Editor in 59.28 ms, found 3 plugins.
Preloading 0 native plugins for Editor in 0.00 ms.
Initialize engine version: 2021.3.16f1 (4016570cf34f)
[Subsystems] Discovering subsystems at path C:/Program Files/Unity/Hub/Editor/2021.3.16f1/Editor/Data/Resources/UnitySubsystems
[Subsystems] Discovering subsystems at path D:/00_SMG_Repo/unityShadersPractice/Assets
GfxDevice: creating device client; threaded=0; jobified=0
Direct3D:
    Version:  Direct3D 11.0 [level 11.1]
    Renderer: NVIDIA GeForce RTX 3080 Ti (ID=0x2208)
    Vendor:   NVIDIA
    VRAM:     12100 MB
    Driver:   31.0.15.3598
Initialize mono
Mono path[0] = 'C:/Program Files/Unity/Hub/Editor/2021.3.16f1/Editor/Data/Managed'
Mono path[1] = 'C:/Program Files/Unity/Hub/Editor/2021.3.16f1/Editor/Data/MonoBleedingEdge/lib/mono/unityjit-win32'
Mono config path = 'C:/Program Files/Unity/Hub/Editor/2021.3.16f1/Editor/Data/MonoBleedingEdge/etc'
Using monoOptions --debugger-agent=transport=dt_socket,embedding=1,server=y,suspend=n,address=127.0.0.1:56704
Begin MonoManager ReloadAssembly
Registering precompiled unity dll's ...
Register platform support module: C:/Program Files/Unity/Hub/Editor/2021.3.16f1/Editor/Data/PlaybackEngines/MacStandaloneSupport/UnityEditor.OSXStandalone.Extensions.dll
Register platform support module: C:/Program Files/Unity/Hub/Editor/2021.3.16f1/Editor/Data/PlaybackEngines/iOSSupport/UnityEditor.iOS.Extensions.dll
Register platform support module: C:/Program Files/Unity/Hub/Editor/2021.3.16f1/Editor/Data/PlaybackEngines/WindowsStandaloneSupport/UnityEditor.WindowsStandalone.Extensions.dll
Register platform support module: C:/Program Files/Unity/Hub/Editor/2021.3.16f1/Editor/Data/PlaybackEngines/MetroSupport/UnityEditor.UWP.Extensions.dll
Registered in 0.006743 seconds.
Native extension for UWP target not found
Native extension for WindowsStandalone target not found
[usbmuxd] Start listen thread
[usbmuxd] Listen thread started
Native extension for iOS target not found
Native extension for OSXStandalone target not found
Refreshing native plugins compatible for Editor in 53.97 ms, found 3 plugins.
Preloading 0 native plugins for Editor in 0.00 ms.
Mono: successfully reloaded assembly
- Completed reload, in  0.411 seconds
Domain Reload Profiling:
	ReloadAssembly (411ms)
		BeginReloadAssembly (53ms)
			ExecutionOrderSort (0ms)
			DisableScriptedObjects (0ms)
			BackupInstance (0ms)
			ReleaseScriptingObjects (0ms)
			CreateAndSetChildDomain (0ms)
		EndReloadAssembly (290ms)
			LoadAssemblies (53ms)
			RebuildTransferFunctionScriptingTraits (0ms)
			SetupTypeCache (60ms)
			ReleaseScriptCaches (0ms)
			RebuildScriptCaches (19ms)
			SetupLoadedEditorAssemblies (177ms)
				LogAssemblyErrors (0ms)
				InitializePlatformSupportModulesInManaged (18ms)
				SetLoadedEditorAssemblies (0ms)
				RefreshPlugins (54ms)
				BeforeProcessingInitializeOnLoad (1ms)
				ProcessInitializeOnLoadAttributes (77ms)
				ProcessInitializeOnLoadMethodAttributes (28ms)
				AfterProcessingInitializeOnLoad (0ms)
				EditorAssembliesLoaded (0ms)
			ExecutionOrderSort2 (0ms)
			AwakeInstancesAfterBackupRestoration (0ms)
Platform modules already initialized, skipping
Registering precompiled user dll's ...
Registered in 0.002276 seconds.
Begin MonoManager ReloadAssembly
Symbol file LoadedFromMemory doesn't match image D:\00_SMG_Repo\unityShadersPractice\Library\PackageCache\com.unity.visualscripting@1.7.8\Editor\VisualScripting.Core\Dependencies\YamlDotNet\Unity.VisualScripting.YamlDotNet.dll
Symbol file LoadedFromMemory doesn't match image D:\00_SMG_Repo\unityShadersPractice\Library\PackageCache\com.unity.visualscripting@1.7.8\Editor\VisualScripting.Core\Dependencies\DotNetZip\Unity.VisualScripting.IonicZip.dll
Native extension for UWP target not found
Native extension for WindowsStandalone target not found
Native extension for iOS target not found
Native extension for OSXStandalone target not found
Refreshing native plugins compatible for Editor in 57.57 ms, found 3 plugins.
Preloading 0 native plugins for Editor in 0.00 ms.
Mono: successfully reloaded assembly
- Completed reload, in  0.830 seconds
Domain Reload Profiling:
	ReloadAssembly (830ms)
		BeginReloadAssembly (67ms)
			ExecutionOrderSort (0ms)
			DisableScriptedObjects (3ms)
			BackupInstance (0ms)
			ReleaseScriptingObjects (0ms)
			CreateAndSetChildDomain (13ms)
		EndReloadAssembly (678ms)
			LoadAssemblies (112ms)
			RebuildTransferFunctionScriptingTraits (0ms)
			SetupTypeCache (175ms)
			ReleaseScriptCaches (0ms)
			RebuildScriptCaches (30ms)
			SetupLoadedEditorAssemblies (336ms)
				LogAssemblyErrors (0ms)
				InitializePlatformSupportModulesInManaged (13ms)
				SetLoadedEditorAssemblies (0ms)
				RefreshPlugins (58ms)
				BeforeProcessingInitializeOnLoad (55ms)
				ProcessInitializeOnLoadAttributes (162ms)
				ProcessInitializeOnLoadMethodAttributes (44ms)
				AfterProcessingInitializeOnLoad (4ms)
				EditorAssembliesLoaded (0ms)
			ExecutionOrderSort2 (0ms)
			AwakeInstancesAfterBackupRestoration (4ms)
Platform modules already initialized, skipping
========================================================================
Worker process is ready to serve import requests
Launched and connected shader compiler UnityShaderCompiler.exe after 0.03 seconds
Refreshing native plugins compatible for Editor in 0.64 ms, found 3 plugins.
Preloading 0 native plugins for Editor in 0.00 ms.
Unloading 4385 Unused Serialized files (Serialized files now loaded: 0)
Unloading 35 unused Assets / (0.9 MB). Loaded Objects now: 4864.
Memory consumption went from 186.6 MB to 185.7 MB.
Total: 2.642500 ms (FindLiveObjects: 0.236700 ms CreateObjectMapping: 0.101100 ms MarkObjects: 2.056300 ms  DeleteObjects: 0.247500 ms)

AssetImportParameters requested are different than current active one (requested -> active):
  custom:video-decoder-ogg-theora: a1e56fd34408186e4bbccfd4996cb3dc -> 
  custom:container-muxer-webm: aa71ff27fc2769a1b78a27578f13a17b -> 
  custom:container-demuxer-webm: 4f35f7cbe854078d1ac9338744f61a02 -> 
  custom:video-encoder-webm-vp8: eb34c28f22e8b96e1ab97ce403110664 -> 
  custom:audio-encoder-webm-vorbis: bf7c407c2cedff20999df2af8eb42d56 -> 
  custom:framework-win-MediaFoundation: 216162199b28c13a410421893ffa2e32 -> 
  custom:container-demuxer-ogg: 62fdf1f143b41e24485cea50d1cbac27 -> 
  custom:video-decoder-webm-vp8: 9c59270c3fd7afecdb556c50c9e8de78 -> 
  custom:audio-decoder-ogg-vorbis: bf7c407c2cedff20999df2af8eb42d56 -> 
========================================================================
Received Import Request.
  Time since last request: 52403.237738 seconds.
  path: Assets/Sewer
  artifactKey: Guid(a1d103cafbff04e20a3c00560224d121) Importer(815301076,1909f56bfc062723c751e8b465ee728b)
Start importing Assets/Sewer using Guid(a1d103cafbff04e20a3c00560224d121) Importer(815301076,1909f56bfc062723c751e8b465ee728b)  -> (artifact id: '70971d19e634bd5c85cbaa756152eb59') in 0.005710 seconds 
========================================================================
Received Import Request.
  Time since last request: 5.302899 seconds.
  path: Assets/Sewer/_Prefabs
  artifactKey: Guid(0782bb0c751e24ddf903c438c9528b45) Importer(815301076,1909f56bfc062723c751e8b465ee728b)
Start importing Assets/Sewer/_Prefabs using Guid(0782bb0c751e24ddf903c438c9528b45) Importer(815301076,1909f56bfc062723c751e8b465ee728b)  -> (artifact id: '882fe86c2b8f5cd84125d49cddd07d5d') in 0.001452 seconds 
========================================================================
Received Import Request.
  Time since last request: 0.009185 seconds.
  path: Assets/Sewer/_Prefabs/sewerLights.prefab
  artifactKey: Guid(9ca12e29c0d1b4338a55a492174efc48) Importer(815301076,1909f56bfc062723c751e8b465ee728b)
Start importing Assets/Sewer/_Prefabs/sewerLights.prefab using Guid(9ca12e29c0d1b4338a55a492174efc48) Importer(815301076,1909f56bfc062723c751e8b465ee728b)  -> (artifact id: '3bde3ab6935d8fea57a3f058d1b39065') in 0.063453 seconds 
========================================================================
Received Import Request.
  Time since last request: 20.586195 seconds.
  path: Assets/Sewer/_Textures
  artifactKey: Guid(56e158fb847dd40fca18ad072291ee2f) Importer(815301076,1909f56bfc062723c751e8b465ee728b)
Start importing Assets/Sewer/_Textures using Guid(56e158fb847dd40fca18ad072291ee2f) Importer(815301076,1909f56bfc062723c751e8b465ee728b)  -> (artifact id: '98861e84e7b448639fa4265d9522a371') in 0.001424 seconds 
========================================================================
Received Import Request.
  Time since last request: 0.053406 seconds.
  path: Assets/Sewer/_Textures/bridge.psd
  artifactKey: Guid(176ef1bc415c743f5913b692df0a7bd4) Importer(815301076,1909f56bfc062723c751e8b465ee728b)
Start importing Assets/Sewer/_Textures/bridge.psd using Guid(176ef1bc415c743f5913b692df0a7bd4) Importer(815301076,1909f56bfc062723c751e8b465ee728b)  -> (artifact id: '18fe1677c4d86845d334b9ec75835802') in 0.014420 seconds 
========================================================================
Received Import Request.
  Time since last request: 0.000796 seconds.
  path: Assets/Sewer/_Textures/bulb.psd
  artifactKey: Guid(922fd80e4c85c4ef08a02bc7e1d09bb7) Importer(815301076,1909f56bfc062723c751e8b465ee728b)
Start importing Assets/Sewer/_Textures/bulb.psd using Guid(922fd80e4c85c4ef08a02bc7e1d09bb7) Importer(815301076,1909f56bfc062723c751e8b465ee728b)  -> (artifact id: '8096fc3359bcc94a52c023c85e403afb') in 0.007518 seconds 
========================================================================
Received Import Request.
  Time since last request: 0.000026 seconds.
  path: Assets/Sewer/_Textures/wallPanelsBump.tga
  artifactKey: Guid(18ee5c77bc98849b5a94afe194e98971) Importer(815301076,1909f56bfc062723c751e8b465ee728b)
Start importing Assets/Sewer/_Textures/wallPanelsBump.tga using Guid(18ee5c77bc98849b5a94afe194e98971) Importer(815301076,1909f56bfc062723c751e8b465ee728b)  -> (artifact id: '5be8bdd8853fd7206a7c8c563aa800e1') in 0.012361 seconds 
========================================================================
Received Import Request.
  Time since last request: 0.000024 seconds.
  path: Assets/Sewer/_Textures/vat.psd
  artifactKey: Guid(3ac4b445f9ae04940a600761dbb47cde) Importer(815301076,1909f56bfc062723c751e8b465ee728b)
Start importing Assets/Sewer/_Textures/vat.psd using Guid(3ac4b445f9ae04940a600761dbb47cde) Importer(815301076,1909f56bfc062723c751e8b465ee728b)  -> (artifact id: 'b9ccbf22519e7cab1d8d9a1649a01270') in 0.006175 seconds 
========================================================================
Received Import Request.
  Time since last request: 0.000015 seconds.
  path: Assets/Sewer/_Textures/controlPanelScreen.psd
  artifactKey: Guid(0173ae60b9bce4770bc854e2b7cafec3) Importer(815301076,1909f56bfc062723c751e8b465ee728b)
Start importing Assets/Sewer/_Textures/controlPanelScreen.psd using Guid(0173ae60b9bce4770bc854e2b7cafec3) Importer(815301076,1909f56bfc062723c751e8b465ee728b)  -> (artifact id: 'b16a986aae8f59d51897e2063e2cfd36') in 0.006918 seconds 
========================================================================
Received Import Request.
  Time since last request: 0.000013 seconds.
  path: Assets/Sewer/_Textures/pipeTGA.tga
  artifactKey: Guid(5bbfe21213f474ad4a48978b9eae9679) Importer(815301076,1909f56bfc062723c751e8b465ee728b)
Start importing Assets/Sewer/_Textures/pipeTGA.tga using Guid(5bbfe21213f474ad4a48978b9eae9679) Importer(815301076,1909f56bfc062723c751e8b465ee728b)  -> (artifact id: '91b4aec23950a319a65819b36d7a1516') in 0.007482 seconds 
========================================================================
Received Import Request.
  Time since last request: 0.000008 seconds.
  path: Assets/Sewer/_Textures/pipeBump.psd
  artifactKey: Guid(c3f0be2cab81448b0bece4f6b1411b66) Importer(815301076,1909f56bfc062723c751e8b465ee728b)
Start importing Assets/Sewer/_Textures/pipeBump.psd using Guid(c3f0be2cab81448b0bece4f6b1411b66) Importer(815301076,1909f56bfc062723c751e8b465ee728b)  -> (artifact id: '35b44051e136e3a8184d690f292624ad') in 0.005276 seconds 
========================================================================
Received Import Request.
  Time since last request: 0.000011 seconds.
  path: Assets/Sewer/_Textures/vatTopTGA.tga
  artifactKey: Guid(071be9aba07cf476ca0412a9cc0d4988) Importer(815301076,1909f56bfc062723c751e8b465ee728b)
Start importing Assets/Sewer/_Textures/vatTopTGA.tga using Guid(071be9aba07cf476ca0412a9cc0d4988) Importer(815301076,1909f56bfc062723c751e8b465ee728b)  -> (artifact id: '67d017048cbfb7bfde64bc100b1715a6') in 0.005870 seconds 
========================================================================
Received Import Request.
  Time since last request: 0.000022 seconds.
  path: Assets/Sewer/_Textures/foamSplash.tga
  artifactKey: Guid(c7a962da3ea9e482bb37d495fa22a0d1) Importer(815301076,1909f56bfc062723c751e8b465ee728b)
Start importing Assets/Sewer/_Textures/foamSplash.tga using Guid(c7a962da3ea9e482bb37d495fa22a0d1) Importer(815301076,1909f56bfc062723c751e8b465ee728b)  -> (artifact id: '338499a34ce850abd3b95162095b2fea') in 0.008552 seconds 
========================================================================
Received Import Request.
  Time since last request: 0.000016 seconds.
  path: Assets/Sewer/_Textures/waterTint.psd
  artifactKey: Guid(991930aa8be2242848569eefecca0741) Importer(815301076,1909f56bfc062723c751e8b465ee728b)
Start importing Assets/Sewer/_Textures/waterTint.psd using Guid(991930aa8be2242848569eefecca0741) Importer(815301076,1909f56bfc062723c751e8b465ee728b)  -> (artifact id: '0d771282b626b77e4a6ccbc6e8883132') in 0.005879 seconds 
========================================================================
Received Import Request.
  Time since last request: 0.000021 seconds.
  path: Assets/Sewer/_Textures/waterPoolCubeMap.cubemap
  artifactKey: Guid(04dd1b84d6a4f4bd198117f3c67003d1) Importer(815301076,1909f56bfc062723c751e8b465ee728b)
Start importing Assets/Sewer/_Textures/waterPoolCubeMap.cubemap using Guid(04dd1b84d6a4f4bd198117f3c67003d1) Importer(815301076,1909f56bfc062723c751e8b465ee728b)  -> (artifact id: '32c992419d614c0ab1d9860a7b6f8e36') in 0.016591 seconds 
========================================================================
Received Import Request.
  Time since last request: 0.000015 seconds.
  path: Assets/Sewer/_Textures/concrete1024TGA.tga
  artifactKey: Guid(9236b10e57a2544588919a0e5ee066f1) Importer(815301076,1909f56bfc062723c751e8b465ee728b)
Start importing Assets/Sewer/_Textures/concrete1024TGA.tga using Guid(9236b10e57a2544588919a0e5ee066f1) Importer(815301076,1909f56bfc062723c751e8b465ee728b)  -> (artifact id: '9fc1a9e261107facd22de293f6a58efe') in 0.007071 seconds 
========================================================================
Received Import Request.
  Time since last request: 0.000022 seconds.
  path: Assets/Sewer/_Textures/door.psd
  artifactKey: Guid(84d80cf45a8c54c54a6de68eae61d1f4) Importer(815301076,1909f56bfc062723c751e8b465ee728b)
Start importing Assets/Sewer/_Textures/door.psd using Guid(84d80cf45a8c54c54a6de68eae61d1f4) Importer(815301076,1909f56bfc062723c751e8b465ee728b)  -> (artifact id: '0de992a8fae568af62ce3cff161ac75a') in 0.006149 seconds 
========================================================================
Received Import Request.
  Time since last request: 0.000014 seconds.
  path: Assets/Sewer/_Textures/electricalAO.psd
  artifactKey: Guid(10030ef21c408472191ebad1b9f08a66) Importer(815301076,1909f56bfc062723c751e8b465ee728b)
Start importing Assets/Sewer/_Textures/electricalAO.psd using Guid(10030ef21c408472191ebad1b9f08a66) Importer(815301076,1909f56bfc062723c751e8b465ee728b)  -> (artifact id: '45989b9674662e03bee79143f401f8d9') in 0.005475 seconds 
========================================================================
Received Import Request.
  Time since last request: 0.000015 seconds.
  path: Assets/Sewer/_Textures/poolLight.psd
  artifactKey: Guid(639a304a042ed45d5a6789f2960b1961) Importer(815301076,1909f56bfc062723c751e8b465ee728b)
Start importing Assets/Sewer/_Textures/poolLight.psd using Guid(639a304a042ed45d5a6789f2960b1961) Importer(815301076,1909f56bfc062723c751e8b465ee728b)  -> (artifact id: '2c395732bdb3c0fef4131aee55dfd118') in 0.005492 seconds 
========================================================================
Received Import Request.
  Time since last request: 0.000015 seconds.
  path: Assets/Sewer/_Textures/electricalTGA.tga
  artifactKey: Guid(e3ffbcd3a727c4f9c927807531e11a0b) Importer(815301076,1909f56bfc062723c751e8b465ee728b)
Start importing Assets/Sewer/_Textures/electricalTGA.tga using Guid(e3ffbcd3a727c4f9c927807531e11a0b) Importer(815301076,1909f56bfc062723c751e8b465ee728b)  -> (artifact id: '63ba1785ea5e34f31061e0268b4c605f') in 0.008175 seconds 
========================================================================
Received Import Request.
  Time since last request: 4.101507 seconds.
  path: Assets/Sewer/_Materials/CubeDiffuse.mat
  artifactKey: Guid(2c57246c370d6496f9a2b62a90442861) Importer(815301076,1909f56bfc062723c751e8b465ee728b)
Start importing Assets/Sewer/_Materials/CubeDiffuse.mat using Guid(2c57246c370d6496f9a2b62a90442861) Importer(815301076,1909f56bfc062723c751e8b465ee728b)  -> (artifact id: 'd19d8a8535f098176302e5c378cc9af9') in 0.041132 seconds 
========================================================================
Received Import Request.
  Time since last request: 0.000022 seconds.
  path: Assets/Sewer/_Materials/steam.mat
  artifactKey: Guid(bd1ccf7a24a3d46fca28d640a5fe9d1a) Importer(815301076,1909f56bfc062723c751e8b465ee728b)
Start importing Assets/Sewer/_Materials/steam.mat using Guid(bd1ccf7a24a3d46fca28d640a5fe9d1a) Importer(815301076,1909f56bfc062723c751e8b465ee728b)  -> (artifact id: '781b5f7644664e043566274cb0383f8d') in 0.021608 seconds 
========================================================================
Received Import Request.
  Time since last request: 0.000018 seconds.
  path: Assets/Sewer/_Materials/splash.mat
  artifactKey: Guid(4a3938990e8c048088e066b14d2e37fa) Importer(815301076,1909f56bfc062723c751e8b465ee728b)
Start importing Assets/Sewer/_Materials/splash.mat using Guid(4a3938990e8c048088e066b14d2e37fa) Importer(815301076,1909f56bfc062723c751e8b465ee728b)  -> (artifact id: '7fb11e507a53dfe5f37e41bbe18fa6bc') in 0.008939 seconds 
Editor requested this worker to shutdown with reason: Scaling down because of idle timeout
AssetImportWorker is now disconnected from the server
Process exiting
Exiting without the bug reporter. Application will terminate with return code 0